<?xml version="1.0" encoding="UTF-8"?>
<coverage generated="1661118314235" clover="3.2.0">
  <project timestamp="1661118314236" name="All files">
    <metrics statements="448" coveredstatements="402" conditionals="163" coveredconditionals="135" methods="173" coveredmethods="152" elements="784" coveredelements="689" complexity="0" loc="448" ncloc="448" packages="7" files="39" classes="39"/>
    <package name="src">
      <metrics statements="1" coveredstatements="1" conditionals="0" coveredconditionals="0" methods="1" coveredmethods="1"/>
      <file name="App.js" path="/home/erika/Documentos/Teste/recipe-app/src/App.js">
        <metrics statements="1" coveredstatements="1" conditionals="0" coveredconditionals="0" methods="1" coveredmethods="1"/>
        <line num="14" count="49" type="stmt"/>
      </file>
    </package>
    <package name="src.components">
      <metrics statements="305" coveredstatements="286" conditionals="144" coveredconditionals="120" methods="123" coveredmethods="114"/>
      <file name="Cover.js" path="/home/erika/Documentos/Teste/recipe-app/src/components/Cover.js">
        <metrics statements="30" coveredstatements="30" conditionals="26" coveredconditionals="24" methods="13" coveredmethods="13"/>
        <line num="11" count="9" type="stmt"/>
        <line num="12" count="66" type="stmt"/>
        <line num="13" count="66" type="stmt"/>
        <line num="14" count="29" type="stmt"/>
        <line num="16" count="29" type="stmt"/>
        <line num="21" count="29" type="stmt"/>
        <line num="23" count="29" type="stmt"/>
        <line num="24" count="29" type="stmt"/>
        <line num="25" count="29" type="stmt"/>
        <line num="27" count="29" type="stmt"/>
        <line num="29" count="29" type="stmt"/>
        <line num="30" count="2" type="stmt"/>
        <line num="32" count="2" type="stmt"/>
        <line num="35" count="29" type="stmt"/>
        <line num="36" count="2" type="cond" truecount="2" falsecount="0"/>
        <line num="37" count="1" type="stmt"/>
        <line num="39" count="1" type="stmt"/>
        <line num="54" count="29" type="stmt"/>
        <line num="55" count="2" type="cond" truecount="2" falsecount="0"/>
        <line num="56" count="1" type="stmt"/>
        <line num="58" count="1" type="stmt"/>
        <line num="72" count="29" type="stmt"/>
        <line num="74" count="29" type="stmt"/>
        <line num="75" count="8" type="stmt"/>
        <line num="108" count="1" type="cond" truecount="2" falsecount="0"/>
        <line num="121" count="29" type="stmt"/>
        <line num="122" count="21" type="stmt"/>
        <line num="154" count="1" type="cond" truecount="2" falsecount="0"/>
        <line num="166" count="29" type="cond" truecount="2" falsecount="0"/>
        <line num="169" count="9" type="stmt"/>
      </file>
      <file name="DoneRecipesCard.js" path="/home/erika/Documentos/Teste/recipe-app/src/components/DoneRecipesCard.js">
        <metrics statements="14" coveredstatements="8" conditionals="10" coveredconditionals="4" methods="6" coveredmethods="4"/>
        <line num="8" count="9" type="stmt"/>
        <line num="9" count="14" type="stmt"/>
        <line num="11" count="11" type="stmt"/>
        <line num="13" count="11" type="stmt"/>
        <line num="15" count="11" type="stmt"/>
        <line num="16" count="0" type="cond" truecount="0" falsecount="2"/>
        <line num="17" count="0" type="stmt"/>
        <line num="18" count="0" type="stmt"/>
        <line num="19" count="0" type="stmt"/>
        <line num="20" count="0" type="stmt"/>
        <line num="23" count="11" type="stmt"/>
        <line num="26" count="9" type="stmt"/>
        <line num="28" count="8" type="stmt"/>
        <line num="85" count="0" type="stmt"/>
      </file>
      <file name="DoneRecipesFilter.js" path="/home/erika/Documentos/Teste/recipe-app/src/components/DoneRecipesFilter.js">
        <metrics statements="5" coveredstatements="5" conditionals="0" coveredconditionals="0" methods="2" coveredmethods="2"/>
        <line num="5" count="10" type="stmt"/>
        <line num="6" count="10" type="stmt"/>
        <line num="7" count="10" type="stmt"/>
        <line num="8" count="6" type="stmt"/>
        <line num="10" count="10" type="stmt"/>
      </file>
      <file name="DrinkDetails.js" path="/home/erika/Documentos/Teste/recipe-app/src/components/DrinkDetails.js">
        <metrics statements="12" coveredstatements="12" conditionals="8" coveredconditionals="8" methods="5" coveredmethods="5"/>
        <line num="12" count="9" type="stmt"/>
        <line num="13" count="5" type="stmt"/>
        <line num="14" count="5" type="stmt"/>
        <line num="15" count="5" type="stmt"/>
        <line num="16" count="17" type="stmt"/>
        <line num="17" count="5" type="cond" truecount="2" falsecount="0"/>
        <line num="18" count="102" type="cond" truecount="2" falsecount="0"/>
        <line num="20" count="5" type="cond" truecount="2" falsecount="0"/>
        <line num="21" count="102" type="stmt"/>
        <line num="24" count="5" type="stmt"/>
        <line num="25" count="3" type="stmt"/>
        <line num="28" count="5" type="stmt"/>
      </file>
      <file name="DrinkInProgress.js" path="/home/erika/Documentos/Teste/recipe-app/src/components/DrinkInProgress.js">
        <metrics statements="12" coveredstatements="10" conditionals="6" coveredconditionals="2" methods="5" coveredmethods="3"/>
        <line num="11" count="9" type="stmt"/>
        <line num="12" count="1" type="stmt"/>
        <line num="13" count="1" type="stmt"/>
        <line num="14" count="1" type="stmt"/>
        <line num="15" count="3" type="stmt"/>
        <line num="16" count="1" type="cond" truecount="1" falsecount="1"/>
        <line num="17" count="0" type="cond" truecount="0" falsecount="2"/>
        <line num="19" count="1" type="cond" truecount="1" falsecount="1"/>
        <line num="20" count="0" type="stmt"/>
        <line num="23" count="1" type="stmt"/>
        <line num="24" count="1" type="stmt"/>
        <line num="26" count="1" type="stmt"/>
      </file>
      <file name="Drinks.js" path="/home/erika/Documentos/Teste/recipe-app/src/components/Drinks.js">
        <metrics statements="11" coveredstatements="10" conditionals="6" coveredconditionals="4" methods="5" coveredmethods="4"/>
        <line num="13" count="9" type="stmt"/>
        <line num="14" count="1" type="stmt"/>
        <line num="15" count="1" type="stmt"/>
        <line num="16" count="1" type="stmt"/>
        <line num="17" count="1" type="stmt"/>
        <line num="18" count="1" type="stmt"/>
        <line num="20" count="1" type="stmt"/>
        <line num="21" count="1" type="stmt"/>
        <line num="23" count="1" type="stmt"/>
        <line num="38" count="0" type="stmt"/>
        <line num="56" count="9" type="stmt"/>
      </file>
      <file name="FavoriteRecipeCard.js" path="/home/erika/Documentos/Teste/recipe-app/src/components/FavoriteRecipeCard.js">
        <metrics statements="18" coveredstatements="12" conditionals="10" coveredconditionals="7" methods="10" coveredmethods="8"/>
        <line num="9" count="10" type="stmt"/>
        <line num="10" count="19" type="stmt"/>
        <line num="13" count="16" type="stmt"/>
        <line num="15" count="16" type="stmt"/>
        <line num="16" count="1" type="stmt"/>
        <line num="17" count="2" type="stmt"/>
        <line num="19" count="16" type="stmt"/>
        <line num="21" count="16" type="stmt"/>
        <line num="22" count="0" type="cond" truecount="0" falsecount="2"/>
        <line num="23" count="0" type="stmt"/>
        <line num="24" count="0" type="stmt"/>
        <line num="25" count="0" type="stmt"/>
        <line num="26" count="0" type="stmt"/>
        <line num="29" count="16" type="stmt"/>
        <line num="32" count="23" type="stmt"/>
        <line num="34" count="21" type="stmt"/>
        <line num="94" count="0" type="stmt"/>
        <line num="105" count="1" type="stmt"/>
      </file>
      <file name="FinishButton.js" path="/home/erika/Documentos/Teste/recipe-app/src/components/FinishButton.js">
        <metrics statements="9" coveredstatements="9" conditionals="0" coveredconditionals="0" methods="3" coveredmethods="3"/>
        <line num="7" count="9" type="stmt"/>
        <line num="16" count="24" type="stmt"/>
        <line num="17" count="24" type="stmt"/>
        <line num="18" count="49" type="stmt"/>
        <line num="19" count="24" type="stmt"/>
        <line num="20" count="1" type="stmt"/>
        <line num="32" count="1" type="stmt"/>
        <line num="34" count="24" type="stmt"/>
        <line num="51" count="9" type="stmt"/>
      </file>
      <file name="FoodDetails.js" path="/home/erika/Documentos/Teste/recipe-app/src/components/FoodDetails.js">
        <metrics statements="12" coveredstatements="12" conditionals="10" coveredconditionals="10" methods="5" coveredmethods="5"/>
        <line num="13" count="9" type="stmt"/>
        <line num="14" count="13" type="stmt"/>
        <line num="15" count="13" type="stmt"/>
        <line num="16" count="13" type="stmt"/>
        <line num="17" count="42" type="stmt"/>
        <line num="18" count="13" type="cond" truecount="2" falsecount="0"/>
        <line num="19" count="316" type="cond" truecount="2" falsecount="0"/>
        <line num="21" count="13" type="cond" truecount="2" falsecount="0"/>
        <line num="22" count="316" type="stmt"/>
        <line num="25" count="13" type="stmt"/>
        <line num="26" count="9" type="stmt"/>
        <line num="28" count="13" type="stmt"/>
      </file>
      <file name="FoodInProgress.js" path="/home/erika/Documentos/Teste/recipe-app/src/components/FoodInProgress.js">
        <metrics statements="12" coveredstatements="12" conditionals="6" coveredconditionals="6" methods="5" coveredmethods="5"/>
        <line num="11" count="9" type="stmt"/>
        <line num="12" count="5" type="stmt"/>
        <line num="13" count="4" type="stmt"/>
        <line num="14" count="4" type="stmt"/>
        <line num="15" count="27" type="stmt"/>
        <line num="16" count="4" type="cond" truecount="2" falsecount="0"/>
        <line num="17" count="106" type="cond" truecount="2" falsecount="0"/>
        <line num="19" count="4" type="cond" truecount="2" falsecount="0"/>
        <line num="20" count="106" type="stmt"/>
        <line num="22" count="4" type="stmt"/>
        <line num="23" count="3" type="stmt"/>
        <line num="25" count="4" type="stmt"/>
      </file>
      <file name="Foods.js" path="/home/erika/Documentos/Teste/recipe-app/src/components/Foods.js">
        <metrics statements="12" coveredstatements="12" conditionals="8" coveredconditionals="8" methods="6" coveredmethods="6"/>
        <line num="13" count="9" type="stmt"/>
        <line num="14" count="79" type="stmt"/>
        <line num="15" count="71" type="stmt"/>
        <line num="16" count="71" type="stmt"/>
        <line num="17" count="132" type="stmt"/>
        <line num="18" count="132" type="stmt"/>
        <line num="19" count="132" type="stmt"/>
        <line num="21" count="71" type="stmt"/>
        <line num="22" count="33" type="stmt"/>
        <line num="25" count="71" type="stmt"/>
        <line num="40" count="395" type="stmt"/>
        <line num="57" count="9" type="stmt"/>
      </file>
      <file name="Footer.js" path="/home/erika/Documentos/Teste/recipe-app/src/components/Footer.js">
        <metrics statements="2" coveredstatements="2" conditionals="0" coveredconditionals="0" methods="1" coveredmethods="1"/>
        <line num="8" count="9" type="stmt"/>
        <line num="9" count="81" type="stmt"/>
      </file>
      <file name="Header.js" path="/home/erika/Documentos/Teste/recipe-app/src/components/Header.js">
        <metrics statements="8" coveredstatements="8" conditionals="2" coveredconditionals="2" methods="3" coveredmethods="3"/>
        <line num="11" count="10" type="stmt"/>
        <line num="12" count="91" type="stmt"/>
        <line num="13" count="91" type="stmt"/>
        <line num="15" count="91" type="stmt"/>
        <line num="16" count="9" type="stmt"/>
        <line num="19" count="91" type="stmt"/>
        <line num="34" count="1" type="stmt"/>
        <line num="53" count="10" type="stmt"/>
      </file>
      <file name="Ingredients.js" path="/home/erika/Documentos/Teste/recipe-app/src/components/Ingredients.js">
        <metrics statements="21" coveredstatements="21" conditionals="10" coveredconditionals="10" methods="9" coveredmethods="9"/>
        <line num="9" count="9" type="stmt"/>
        <line num="10" count="54" type="stmt"/>
        <line num="11" count="54" type="stmt"/>
        <line num="12" count="54" type="stmt"/>
        <line num="17" count="54" type="stmt"/>
        <line num="18" count="54" type="cond" truecount="2" falsecount="0"/>
        <line num="19" count="54" type="stmt"/>
        <line num="20" count="54" type="stmt"/>
        <line num="21" count="54" type="stmt"/>
        <line num="24" count="54" type="stmt"/>
        <line num="25" count="15" type="cond" truecount="2" falsecount="0"/>
        <line num="26" count="1" type="stmt"/>
        <line num="32" count="103" type="cond" truecount="2" falsecount="0"/>
        <line num="33" count="1" type="stmt"/>
        <line num="36" count="13" type="stmt"/>
        <line num="39" count="13" type="stmt"/>
        <line num="46" count="54" type="stmt"/>
        <line num="53" count="348" type="cond" truecount="2" falsecount="0"/>
        <line num="59" count="1170" type="cond" truecount="2" falsecount="0"/>
        <line num="70" count="1170" type="stmt"/>
        <line num="96" count="9" type="stmt"/>
      </file>
      <file name="Instructions.js" path="/home/erika/Documentos/Teste/recipe-app/src/components/Instructions.js">
        <metrics statements="9" coveredstatements="9" conditionals="6" coveredconditionals="6" methods="5" coveredmethods="5"/>
        <line num="5" count="9" type="stmt"/>
        <line num="6" count="89" type="stmt"/>
        <line num="7" count="89" type="stmt"/>
        <line num="9" count="23" type="stmt"/>
        <line num="10" count="6" type="stmt"/>
        <line num="18" count="23" type="stmt"/>
        <line num="19" count="17" type="stmt"/>
        <line num="27" count="23" type="stmt"/>
        <line num="36" count="9" type="stmt"/>
      </file>
      <file name="LoginForm.js" path="/home/erika/Documentos/Teste/recipe-app/src/components/LoginForm.js">
        <metrics statements="17" coveredstatements="17" conditionals="2" coveredconditionals="2" methods="4" coveredmethods="4"/>
        <line num="6" count="9" type="stmt"/>
        <line num="7" count="850" type="stmt"/>
        <line num="8" count="850" type="stmt"/>
        <line num="9" count="850" type="stmt"/>
        <line num="10" count="850" type="stmt"/>
        <line num="11" count="850" type="stmt"/>
        <line num="12" count="850" type="stmt"/>
        <line num="13" count="850" type="stmt"/>
        <line num="15" count="850" type="stmt"/>
        <line num="16" count="32" type="stmt"/>
        <line num="17" count="32" type="stmt"/>
        <line num="18" count="32" type="stmt"/>
        <line num="19" count="32" type="stmt"/>
        <line num="20" count="32" type="stmt"/>
        <line num="22" count="850" type="stmt"/>
        <line num="40" count="510" type="stmt"/>
        <line num="48" count="270" type="stmt"/>
      </file>
      <file name="ProfileInfo.js" path="/home/erika/Documentos/Teste/recipe-app/src/components/ProfileInfo.js">
        <metrics statements="15" coveredstatements="15" conditionals="0" coveredconditionals="0" methods="2" coveredmethods="2"/>
        <line num="5" count="9" type="stmt"/>
        <line num="6" count="18" type="stmt"/>
        <line num="7" count="18" type="stmt"/>
        <line num="8" count="18" type="stmt"/>
        <line num="9" count="18" type="stmt"/>
        <line num="10" count="18" type="stmt"/>
        <line num="11" count="18" type="stmt"/>
        <line num="13" count="18" type="stmt"/>
        <line num="14" count="2" type="stmt"/>
        <line num="15" count="2" type="stmt"/>
        <line num="16" count="2" type="stmt"/>
        <line num="17" count="2" type="stmt"/>
        <line num="18" count="2" type="stmt"/>
        <line num="19" count="2" type="stmt"/>
        <line num="22" count="18" type="stmt"/>
      </file>
      <file name="RecipeCard.js" path="/home/erika/Documentos/Teste/recipe-app/src/components/RecipeCard.js">
        <metrics statements="3" coveredstatements="3" conditionals="2" coveredconditionals="1" methods="1" coveredmethods="1"/>
        <line num="5" count="9" type="stmt"/>
        <line num="6" count="395" type="cond" truecount="1" falsecount="1"/>
        <line num="29" count="9" type="stmt"/>
      </file>
      <file name="Recommended.js" path="/home/erika/Documentos/Teste/recipe-app/src/components/Recommended.js">
        <metrics statements="3" coveredstatements="3" conditionals="2" coveredconditionals="2" methods="1" coveredmethods="1"/>
        <line num="6" count="9" type="stmt"/>
        <line num="7" count="18" type="stmt"/>
        <line num="12" count="9" type="stmt"/>
      </file>
      <file name="RecommendedDrinks.js" path="/home/erika/Documentos/Teste/recipe-app/src/components/RecommendedDrinks.js">
        <metrics statements="8" coveredstatements="8" conditionals="2" coveredconditionals="2" methods="4" coveredmethods="4"/>
        <line num="7" count="9" type="stmt"/>
        <line num="8" count="16" type="stmt"/>
        <line num="9" count="45" type="stmt"/>
        <line num="10" count="16" type="stmt"/>
        <line num="12" count="16" type="stmt"/>
        <line num="13" count="9" type="stmt"/>
        <line num="16" count="16" type="stmt"/>
        <line num="19" count="36" type="stmt"/>
      </file>
      <file name="RecommendedMeals.js" path="/home/erika/Documentos/Teste/recipe-app/src/components/RecommendedMeals.js">
        <metrics statements="8" coveredstatements="8" conditionals="2" coveredconditionals="2" methods="4" coveredmethods="4"/>
        <line num="6" count="9" type="stmt"/>
        <line num="7" count="7" type="stmt"/>
        <line num="8" count="19" type="stmt"/>
        <line num="9" count="7" type="stmt"/>
        <line num="11" count="7" type="stmt"/>
        <line num="12" count="3" type="stmt"/>
        <line num="15" count="7" type="stmt"/>
        <line num="18" count="12" type="stmt"/>
      </file>
      <file name="SearchBar.js" path="/home/erika/Documentos/Teste/recipe-app/src/components/SearchBar.js">
        <metrics statements="18" coveredstatements="17" conditionals="4" coveredconditionals="2" methods="6" coveredmethods="6"/>
        <line num="12" count="9" type="stmt"/>
        <line num="13" count="65" type="stmt"/>
        <line num="14" count="65" type="stmt"/>
        <line num="15" count="65" type="stmt"/>
        <line num="16" count="65" type="stmt"/>
        <line num="17" count="65" type="stmt"/>
        <line num="30" count="65" type="stmt"/>
        <line num="31" count="8" type="stmt"/>
        <line num="32" count="8" type="stmt"/>
        <line num="33" count="8" type="cond" truecount="1" falsecount="1"/>
        <line num="34" count="8" type="stmt"/>
        <line num="36" count="8" type="cond" truecount="1" falsecount="1"/>
        <line num="37" count="0" type="stmt"/>
        <line num="41" count="65" type="stmt"/>
        <line num="48" count="40" type="stmt"/>
        <line num="57" count="3" type="stmt"/>
        <line num="67" count="3" type="stmt"/>
        <line num="77" count="2" type="stmt"/>
      </file>
      <file name="SelectionFilter.js" path="/home/erika/Documentos/Teste/recipe-app/src/components/SelectionFilter.js">
        <metrics statements="29" coveredstatements="26" conditionals="12" coveredconditionals="8" methods="11" coveredmethods="9"/>
        <line num="14" count="9" type="stmt"/>
        <line num="16" count="9" type="stmt"/>
        <line num="17" count="91" type="stmt"/>
        <line num="18" count="152" type="stmt"/>
        <line num="19" count="152" type="stmt"/>
        <line num="20" count="91" type="stmt"/>
        <line num="21" count="91" type="stmt"/>
        <line num="23" count="91" type="stmt"/>
        <line num="24" count="34" type="stmt"/>
        <line num="25" count="34" type="cond" truecount="1" falsecount="1"/>
        <line num="26" count="0" type="stmt"/>
        <line num="28" count="34" type="stmt"/>
        <line num="31" count="34" type="stmt"/>
        <line num="34" count="91" type="stmt"/>
        <line num="35" count="756" type="stmt"/>
        <line num="37" count="91" type="stmt"/>
        <line num="38" count="1" type="stmt"/>
        <line num="39" count="1" type="cond" truecount="1" falsecount="1"/>
        <line num="40" count="0" type="stmt"/>
        <line num="42" count="1" type="stmt"/>
        <line num="45" count="91" type="stmt"/>
        <line num="46" count="3" type="stmt"/>
        <line num="47" count="3" type="stmt"/>
        <line num="48" count="3" type="cond" truecount="2" falsecount="0"/>
        <line num="49" count="1" type="cond" truecount="1" falsecount="1"/>
        <line num="53" count="2" type="cond" truecount="1" falsecount="1"/>
        <line num="58" count="91" type="stmt"/>
        <line num="75" count="0" type="stmt"/>
        <line num="91" count="270" type="stmt"/>
      </file>
      <file name="StartButton.js" path="/home/erika/Documentos/Teste/recipe-app/src/components/StartButton.js">
        <metrics statements="14" coveredstatements="14" conditionals="10" coveredconditionals="10" methods="6" coveredmethods="6"/>
        <line num="6" count="9" type="stmt"/>
        <line num="7" count="30" type="stmt"/>
        <line num="8" count="30" type="stmt"/>
        <line num="9" count="30" type="stmt"/>
        <line num="13" count="30" type="cond" truecount="2" falsecount="0"/>
        <line num="15" count="30" type="stmt"/>
        <line num="16" count="4" type="stmt"/>
        <line num="18" count="30" type="stmt"/>
        <line num="19" count="30" type="cond" truecount="4" falsecount="0"/>
        <line num="20" count="6" type="stmt"/>
        <line num="22" count="24" type="stmt"/>
        <line num="24" count="30" type="stmt"/>
        <line num="33" count="2" type="stmt"/>
        <line num="49" count="9" type="stmt"/>
      </file>
      <file name="Video.js" path="/home/erika/Documentos/Teste/recipe-app/src/components/Video.js">
        <metrics statements="3" coveredstatements="3" conditionals="0" coveredconditionals="0" methods="1" coveredmethods="1"/>
        <line num="4" count="9" type="stmt"/>
        <line num="5" count="13" type="stmt"/>
        <line num="20" count="9" type="stmt"/>
      </file>
    </package>
    <package name="src.pages">
      <metrics statements="17" coveredstatements="17" conditionals="0" coveredconditionals="0" methods="7" coveredmethods="7"/>
      <file name="DoneRecipes.js" path="/home/erika/Documentos/Teste/recipe-app/src/pages/DoneRecipes.js">
        <metrics statements="3" coveredstatements="3" conditionals="0" coveredconditionals="0" methods="1" coveredmethods="1"/>
        <line num="7" count="9" type="stmt"/>
        <line num="8" count="4" type="stmt"/>
        <line num="17" count="9" type="stmt"/>
      </file>
      <file name="FavoriteRecipes.js" path="/home/erika/Documentos/Teste/recipe-app/src/pages/FavoriteRecipes.js">
        <metrics statements="3" coveredstatements="3" conditionals="0" coveredconditionals="0" methods="1" coveredmethods="1"/>
        <line num="7" count="10" type="stmt"/>
        <line num="8" count="6" type="stmt"/>
        <line num="18" count="10" type="stmt"/>
      </file>
      <file name="Login.js" path="/home/erika/Documentos/Teste/recipe-app/src/pages/Login.js">
        <metrics statements="2" coveredstatements="2" conditionals="0" coveredconditionals="0" methods="1" coveredmethods="1"/>
        <line num="4" count="9" type="stmt"/>
        <line num="5" count="43" type="stmt"/>
      </file>
      <file name="Profile.js" path="/home/erika/Documentos/Teste/recipe-app/src/pages/Profile.js">
        <metrics statements="3" coveredstatements="3" conditionals="0" coveredconditionals="0" methods="1" coveredmethods="1"/>
        <line num="7" count="9" type="stmt"/>
        <line num="8" count="9" type="stmt"/>
        <line num="15" count="9" type="stmt"/>
      </file>
      <file name="RecipeDetails.js" path="/home/erika/Documentos/Teste/recipe-app/src/pages/RecipeDetails.js">
        <metrics statements="2" coveredstatements="2" conditionals="0" coveredconditionals="0" methods="1" coveredmethods="1"/>
        <line num="6" count="9" type="stmt"/>
        <line num="7" count="12" type="stmt"/>
      </file>
      <file name="RecipeInProgress.js" path="/home/erika/Documentos/Teste/recipe-app/src/pages/RecipeInProgress.js">
        <metrics statements="2" coveredstatements="2" conditionals="0" coveredconditionals="0" methods="1" coveredmethods="1"/>
        <line num="6" count="9" type="stmt"/>
        <line num="7" count="5" type="stmt"/>
      </file>
      <file name="Recipes.js" path="/home/erika/Documentos/Teste/recipe-app/src/pages/Recipes.js">
        <metrics statements="2" coveredstatements="2" conditionals="0" coveredconditionals="0" methods="1" coveredmethods="1"/>
        <line num="6" count="9" type="stmt"/>
        <line num="7" count="42" type="stmt"/>
      </file>
    </package>
    <package name="src.redux.actions">
      <metrics statements="70" coveredstatements="56" conditionals="4" coveredconditionals="3" methods="29" coveredmethods="21"/>
      <file name="index.js" path="/home/erika/Documentos/Teste/recipe-app/src/redux/actions/index.js">
        <metrics statements="70" coveredstatements="56" conditionals="4" coveredconditionals="3" methods="29" coveredmethods="21"/>
        <line num="13" count="10" type="stmt"/>
        <line num="14" count="4" type="stmt"/>
        <line num="16" count="10" type="stmt"/>
        <line num="18" count="10" type="stmt"/>
        <line num="19" count="10" type="stmt"/>
        <line num="20" count="10" type="stmt"/>
        <line num="21" count="10" type="stmt"/>
        <line num="22" count="10" type="stmt"/>
        <line num="23" count="10" type="stmt"/>
        <line num="24" count="10" type="stmt"/>
        <line num="25" count="10" type="stmt"/>
        <line num="26" count="10" type="stmt"/>
        <line num="27" count="10" type="stmt"/>
        <line num="29" count="10" type="stmt"/>
        <line num="30" count="10" type="stmt"/>
        <line num="31" count="54" type="stmt"/>
        <line num="32" count="10" type="stmt"/>
        <line num="33" count="12" type="stmt"/>
        <line num="37" count="41" type="stmt"/>
        <line num="38" count="41" type="stmt"/>
        <line num="39" count="26" type="cond" truecount="2" falsecount="0"/>
        <line num="40" count="25" type="stmt"/>
        <line num="42" count="1" type="stmt"/>
        <line num="46" count="10" type="stmt"/>
        <line num="47" count="2" type="stmt"/>
        <line num="48" count="2" type="stmt"/>
        <line num="49" count="0" type="stmt"/>
        <line num="51" count="2" type="stmt"/>
        <line num="55" count="10" type="stmt"/>
        <line num="56" count="3" type="stmt"/>
        <line num="57" count="3" type="stmt"/>
        <line num="58" count="2" type="stmt"/>
        <line num="60" count="1" type="stmt"/>
        <line num="64" count="10" type="stmt"/>
        <line num="65" count="2" type="stmt"/>
        <line num="67" count="2" type="stmt"/>
        <line num="70" count="34" type="stmt"/>
        <line num="71" count="34" type="stmt"/>
        <line num="72" count="19" type="stmt"/>
        <line num="75" count="12" type="stmt"/>
        <line num="76" count="12" type="stmt"/>
        <line num="77" count="12" type="stmt"/>
        <line num="78" count="5" type="stmt"/>
        <line num="80" count="1" type="stmt"/>
        <line num="86" count="10" type="stmt"/>
        <line num="87" count="10" type="stmt"/>
        <line num="88" count="10" type="stmt"/>
        <line num="89" count="4" type="cond" truecount="1" falsecount="1"/>
        <line num="90" count="4" type="stmt"/>
        <line num="92" count="0" type="stmt"/>
        <line num="95" count="1" type="stmt"/>
        <line num="99" count="10" type="stmt"/>
        <line num="100" count="0" type="stmt"/>
        <line num="101" count="0" type="stmt"/>
        <line num="102" count="0" type="stmt"/>
        <line num="104" count="0" type="stmt"/>
        <line num="108" count="10" type="stmt"/>
        <line num="109" count="0" type="stmt"/>
        <line num="110" count="0" type="stmt"/>
        <line num="113" count="10" type="stmt"/>
        <line num="114" count="0" type="stmt"/>
        <line num="115" count="0" type="stmt"/>
        <line num="117" count="0" type="stmt"/>
        <line num="119" count="0" type="stmt"/>
        <line num="123" count="10" type="stmt"/>
        <line num="124" count="0" type="stmt"/>
        <line num="125" count="0" type="stmt"/>
        <line num="128" count="10" type="stmt"/>
        <line num="129" count="4" type="stmt"/>
        <line num="130" count="2" type="stmt"/>
      </file>
    </package>
    <package name="src.redux.reducers">
      <metrics statements="15" coveredstatements="14" conditionals="12" coveredconditionals="11" methods="1" coveredmethods="1"/>
      <file name="index.js" path="/home/erika/Documentos/Teste/recipe-app/src/redux/reducers/index.js">
        <metrics statements="1" coveredstatements="1" conditionals="0" coveredconditionals="0" methods="0" coveredmethods="0"/>
        <line num="4" count="10" type="stmt"/>
      </file>
      <file name="reducer.js" path="/home/erika/Documentos/Teste/recipe-app/src/redux/reducers/reducer.js">
        <metrics statements="14" coveredstatements="13" conditionals="12" coveredconditionals="11" methods="1" coveredmethods="1"/>
        <line num="13" count="10" type="stmt"/>
        <line num="26" count="10" type="cond" truecount="1" falsecount="0"/>
        <line num="27" count="205" type="cond" truecount="10" falsecount="1"/>
        <line num="29" count="29" type="stmt"/>
        <line num="34" count="19" type="stmt"/>
        <line num="39" count="5" type="stmt"/>
        <line num="44" count="4" type="stmt"/>
        <line num="49" count="0" type="stmt"/>
        <line num="54" count="2" type="stmt"/>
        <line num="59" count="9" type="stmt"/>
        <line num="64" count="54" type="stmt"/>
        <line num="69" count="6" type="stmt"/>
        <line num="71" count="12" type="stmt"/>
        <line num="73" count="65" type="stmt"/>
      </file>
    </package>
    <package name="src.redux.store">
      <metrics statements="1" coveredstatements="0" conditionals="0" coveredconditionals="0" methods="0" coveredmethods="0"/>
      <file name="index.js" path="/home/erika/Documentos/Teste/recipe-app/src/redux/store/index.js">
        <metrics statements="1" coveredstatements="0" conditionals="0" coveredconditionals="0" methods="0" coveredmethods="0"/>
        <line num="6" count="0" type="stmt"/>
      </file>
    </package>
    <package name="src.services">
      <metrics statements="39" coveredstatements="28" conditionals="3" coveredconditionals="1" methods="12" coveredmethods="8"/>
      <file name="drinksAPI.js" path="/home/erika/Documentos/Teste/recipe-app/src/services/drinksAPI.js">
        <metrics statements="21" coveredstatements="10" conditionals="2" coveredconditionals="0" methods="6" coveredmethods="2"/>
        <line num="4" count="10" type="stmt"/>
        <line num="5" count="10" type="stmt"/>
        <line num="6" count="5" type="stmt"/>
        <line num="12" count="10" type="stmt"/>
        <line num="14" count="0" type="cond" truecount="0" falsecount="2"/>
        <line num="15" count="0" type="stmt"/>
        <line num="17" count="0" type="stmt"/>
        <line num="18" count="0" type="stmt"/>
        <line num="24" count="10" type="stmt"/>
        <line num="25" count="0" type="stmt"/>
        <line num="26" count="0" type="stmt"/>
        <line num="32" count="10" type="stmt"/>
        <line num="33" count="0" type="stmt"/>
        <line num="34" count="0" type="stmt"/>
        <line num="35" count="0" type="stmt"/>
        <line num="41" count="10" type="stmt"/>
        <line num="42" count="0" type="stmt"/>
        <line num="43" count="0" type="stmt"/>
        <line num="49" count="10" type="stmt"/>
        <line num="50" count="4" type="stmt"/>
        <line num="51" count="2" type="stmt"/>
      </file>
      <file name="foodsAPI.js" path="/home/erika/Documentos/Teste/recipe-app/src/services/foodsAPI.js">
        <metrics statements="18" coveredstatements="18" conditionals="1" coveredconditionals="1" methods="6" coveredmethods="6"/>
        <line num="4" count="10" type="cond" truecount="1" falsecount="0"/>
        <line num="5" count="41" type="stmt"/>
        <line num="6" count="26" type="stmt"/>
        <line num="12" count="10" type="stmt"/>
        <line num="17" count="2" type="stmt"/>
        <line num="18" count="2" type="stmt"/>
        <line num="24" count="10" type="stmt"/>
        <line num="25" count="3" type="stmt"/>
        <line num="26" count="3" type="stmt"/>
        <line num="32" count="10" type="stmt"/>
        <line num="33" count="2" type="stmt"/>
        <line num="34" count="2" type="stmt"/>
        <line num="40" count="10" type="stmt"/>
        <line num="41" count="34" type="stmt"/>
        <line num="42" count="19" type="stmt"/>
        <line num="48" count="10" type="stmt"/>
        <line num="49" count="12" type="stmt"/>
        <line num="50" count="7" type="stmt"/>
      </file>
    </package>
  </project>
</coverage>
