{"/home/erika/Documentos/Teste/recipe-app/src/App.js": {"path":"/home/erika/Documentos/Teste/recipe-app/src/App.js","statementMap":{"0":{"start":{"line":14,"column":2},"end":{"line":30,"column":4}}},"fnMap":{"0":{"name":"App","decl":{"start":{"line":13,"column":9},"end":{"line":13,"column":12}},"loc":{"start":{"line":13,"column":15},"end":{"line":31,"column":1}},"line":13}},"branchMap":{},"s":{"0":49},"f":{"0":49},"b":{},"_coverageSchema":"1a1c01bbd47fc00a2c39e90264f33305004495a9","hash":"1195e67706808ac35c23cc6f1445b878eadbd016"}
,"/home/erika/Documentos/Teste/recipe-app/src/components/Cover.js": {"path":"/home/erika/Documentos/Teste/recipe-app/src/components/Cover.js","statementMap":{"0":{"start":{"line":11,"column":14},"end":{"line":167,"column":1}},"1":{"start":{"line":12,"column":23},"end":{"line":12,"column":73}},"2":{"start":{"line":12,"column":46},"end":{"line":12,"column":72}},"3":{"start":{"line":13,"column":22},"end":{"line":13,"column":71}},"4":{"start":{"line":13,"column":45},"end":{"line":13,"column":70}},"5":{"start":{"line":14,"column":34},"end":{"line":14,"column":49}},"6":{"start":{"line":16,"column":48},"end":{"line":19,"column":3}},"7":{"start":{"line":21,"column":2},"end":{"line":21,"column":29}},"8":{"start":{"line":23,"column":18},"end":{"line":23,"column":30}},"9":{"start":{"line":24,"column":18},"end":{"line":24,"column":43}},"10":{"start":{"line":25,"column":14},"end":{"line":25,"column":71}},"11":{"start":{"line":25,"column":45},"end":{"line":25,"column":70}},"12":{"start":{"line":27,"column":23},"end":{"line":27,"column":58}},"13":{"start":{"line":29,"column":26},"end":{"line":33,"column":3}},"14":{"start":{"line":30,"column":4},"end":{"line":30,"column":49}},"15":{"start":{"line":32,"column":4},"end":{"line":32,"column":33}},"16":{"start":{"line":35,"column":24},"end":{"line":52,"column":3}},"17":{"start":{"line":36,"column":4},"end":{"line":51,"column":5}},"18":{"start":{"line":37,"column":6},"end":{"line":37,"column":78}},"19":{"start":{"line":37,"column":62},"end":{"line":37,"column":74}},"20":{"start":{"line":39,"column":6},"end":{"line":50,"column":9}},"21":{"start":{"line":54,"column":23},"end":{"line":71,"column":3}},"22":{"start":{"line":55,"column":4},"end":{"line":70,"column":5}},"23":{"start":{"line":56,"column":6},"end":{"line":56,"column":78}},"24":{"start":{"line":56,"column":62},"end":{"line":56,"column":74}},"25":{"start":{"line":58,"column":6},"end":{"line":69,"column":9}},"26":{"start":{"line":72,"column":2},"end":{"line":72,"column":18}},"27":{"start":{"line":74,"column":26},"end":{"line":119,"column":3}},"28":{"start":{"line":75,"column":4},"end":{"line":118,"column":10}},"29":{"start":{"line":108,"column":47},"end":{"line":108,"column":72}},"30":{"start":{"line":121,"column":25},"end":{"line":165,"column":3}},"31":{"start":{"line":122,"column":4},"end":{"line":164,"column":10}},"32":{"start":{"line":154,"column":47},"end":{"line":154,"column":72}},"33":{"start":{"line":166,"column":2},"end":{"line":166,"column":69}},"34":{"start":{"line":169,"column":0},"end":{"line":171,"column":2}}},"fnMap":{"0":{"name":"(anonymous_0)","decl":{"start":{"line":11,"column":14},"end":{"line":11,"column":15}},"loc":{"start":{"line":11,"column":31},"end":{"line":167,"column":1}},"line":11},"1":{"name":"(anonymous_1)","decl":{"start":{"line":12,"column":35},"end":{"line":12,"column":36}},"loc":{"start":{"line":12,"column":46},"end":{"line":12,"column":72}},"line":12},"2":{"name":"(anonymous_2)","decl":{"start":{"line":13,"column":34},"end":{"line":13,"column":35}},"loc":{"start":{"line":13,"column":45},"end":{"line":13,"column":70}},"line":13},"3":{"name":"(anonymous_3)","decl":{"start":{"line":25,"column":35},"end":{"line":25,"column":36}},"loc":{"start":{"line":25,"column":45},"end":{"line":25,"column":70}},"line":25},"4":{"name":"(anonymous_4)","decl":{"start":{"line":29,"column":26},"end":{"line":29,"column":27}},"loc":{"start":{"line":29,"column":32},"end":{"line":33,"column":3}},"line":29},"5":{"name":"(anonymous_5)","decl":{"start":{"line":35,"column":24},"end":{"line":35,"column":25}},"loc":{"start":{"line":35,"column":30},"end":{"line":52,"column":3}},"line":35},"6":{"name":"(anonymous_6)","decl":{"start":{"line":37,"column":52},"end":{"line":37,"column":53}},"loc":{"start":{"line":37,"column":62},"end":{"line":37,"column":74}},"line":37},"7":{"name":"(anonymous_7)","decl":{"start":{"line":54,"column":23},"end":{"line":54,"column":24}},"loc":{"start":{"line":54,"column":29},"end":{"line":71,"column":3}},"line":54},"8":{"name":"(anonymous_8)","decl":{"start":{"line":56,"column":52},"end":{"line":56,"column":53}},"loc":{"start":{"line":56,"column":62},"end":{"line":56,"column":74}},"line":56},"9":{"name":"(anonymous_9)","decl":{"start":{"line":74,"column":26},"end":{"line":74,"column":27}},"loc":{"start":{"line":75,"column":4},"end":{"line":118,"column":10}},"line":75},"10":{"name":"(anonymous_10)","decl":{"start":{"line":108,"column":37},"end":{"line":108,"column":38}},"loc":{"start":{"line":108,"column":47},"end":{"line":108,"column":72}},"line":108},"11":{"name":"(anonymous_11)","decl":{"start":{"line":121,"column":25},"end":{"line":121,"column":26}},"loc":{"start":{"line":122,"column":4},"end":{"line":164,"column":10}},"line":122},"12":{"name":"(anonymous_12)","decl":{"start":{"line":154,"column":37},"end":{"line":154,"column":38}},"loc":{"start":{"line":154,"column":47},"end":{"line":154,"column":72}},"line":154}},"branchMap":{"0":{"loc":{"start":{"line":36,"column":4},"end":{"line":51,"column":5}},"type":"if","locations":[{"start":{"line":36,"column":4},"end":{"line":51,"column":5}},{"start":{"line":38,"column":11},"end":{"line":51,"column":5}}],"line":36},"1":{"loc":{"start":{"line":55,"column":4},"end":{"line":70,"column":5}},"type":"if","locations":[{"start":{"line":55,"column":4},"end":{"line":70,"column":5}},{"start":{"line":57,"column":11},"end":{"line":70,"column":5}}],"line":55},"2":{"loc":{"start":{"line":78,"column":10},"end":{"line":78,"column":77}},"type":"cond-expr","locations":[{"start":{"line":78,"column":36},"end":{"line":78,"column":65}},{"start":{"line":78,"column":68},"end":{"line":78,"column":77}}],"line":78},"3":{"loc":{"start":{"line":91,"column":13},"end":{"line":91,"column":64}},"type":"binary-expr","locations":[{"start":{"line":91,"column":13},"end":{"line":91,"column":36}},{"start":{"line":91,"column":40},"end":{"line":91,"column":64}}],"line":91},"4":{"loc":{"start":{"line":94,"column":13},"end":{"line":94,"column":68}},"type":"binary-expr","locations":[{"start":{"line":94,"column":13},"end":{"line":94,"column":36}},{"start":{"line":94,"column":40},"end":{"line":94,"column":68}}],"line":94},"5":{"loc":{"start":{"line":104,"column":11},"end":{"line":104,"column":44}},"type":"binary-expr","locations":[{"start":{"line":104,"column":11},"end":{"line":104,"column":19}},{"start":{"line":104,"column":23},"end":{"line":104,"column":44}}],"line":104},"6":{"loc":{"start":{"line":108,"column":16},"end":{"line":110,"column":34}},"type":"cond-expr","locations":[{"start":{"line":109,"column":20},"end":{"line":109,"column":34}},{"start":{"line":110,"column":20},"end":{"line":110,"column":34}}],"line":108},"7":{"loc":{"start":{"line":124,"column":13},"end":{"line":124,"column":77}},"type":"cond-expr","locations":[{"start":{"line":124,"column":38},"end":{"line":124,"column":65}},{"start":{"line":124,"column":68},"end":{"line":124,"column":77}}],"line":124},"8":{"loc":{"start":{"line":137,"column":13},"end":{"line":137,"column":61}},"type":"binary-expr","locations":[{"start":{"line":137,"column":13},"end":{"line":137,"column":35}},{"start":{"line":137,"column":39},"end":{"line":137,"column":61}}],"line":137},"9":{"loc":{"start":{"line":140,"column":13},"end":{"line":140,"column":65}},"type":"binary-expr","locations":[{"start":{"line":140,"column":13},"end":{"line":140,"column":35}},{"start":{"line":140,"column":39},"end":{"line":140,"column":65}}],"line":140},"10":{"loc":{"start":{"line":150,"column":11},"end":{"line":150,"column":44}},"type":"binary-expr","locations":[{"start":{"line":150,"column":11},"end":{"line":150,"column":19}},{"start":{"line":150,"column":23},"end":{"line":150,"column":44}}],"line":150},"11":{"loc":{"start":{"line":154,"column":16},"end":{"line":156,"column":34}},"type":"cond-expr","locations":[{"start":{"line":155,"column":20},"end":{"line":155,"column":34}},{"start":{"line":156,"column":20},"end":{"line":156,"column":34}}],"line":154},"12":{"loc":{"start":{"line":166,"column":15},"end":{"line":166,"column":61}},"type":"cond-expr","locations":[{"start":{"line":166,"column":25},"end":{"line":166,"column":42}},{"start":{"line":166,"column":45},"end":{"line":166,"column":61}}],"line":166}},"s":{"0":9,"1":29,"2":66,"3":29,"4":66,"5":29,"6":29,"7":29,"8":29,"9":29,"10":29,"11":2,"12":29,"13":29,"14":2,"15":2,"16":29,"17":2,"18":1,"19":1,"20":1,"21":29,"22":2,"23":1,"24":1,"25":1,"26":29,"27":29,"28":8,"29":1,"30":29,"31":21,"32":1,"33":29,"34":9},"f":{"0":29,"1":66,"2":66,"3":2,"4":2,"5":2,"6":1,"7":2,"8":1,"9":8,"10":1,"11":21,"12":1},"b":{"0":[1,1],"1":[1,1],"2":[6,2],"3":[8,6],"4":[8,6],"5":[8,0],"6":[1,7],"7":[17,4],"8":[21,17],"9":[21,17],"10":[21,0],"11":[1,20],"12":[8,21]},"_coverageSchema":"1a1c01bbd47fc00a2c39e90264f33305004495a9","hash":"72fb40a721ba9bae44fccc11eaa1036b66f44308"}
,"/home/erika/Documentos/Teste/recipe-app/src/components/DoneRecipesCard.js": {"path":"/home/erika/Documentos/Teste/recipe-app/src/components/DoneRecipesCard.js","statementMap":{"0":{"start":{"line":8,"column":24},"end":{"line":134,"column":1}},"1":{"start":{"line":9,"column":21},"end":{"line":9,"column":69}},"2":{"start":{"line":9,"column":44},"end":{"line":9,"column":68}},"3":{"start":{"line":11,"column":6},"end":{"line":11,"column":40}},"4":{"start":{"line":13,"column":30},"end":{"line":13,"column":45}},"5":{"start":{"line":15,"column":22},"end":{"line":21,"column":3}},"6":{"start":{"line":16,"column":4},"end":{"line":19,"column":60}},"7":{"start":{"line":17,"column":6},"end":{"line":17,"column":56}},"8":{"start":{"line":18,"column":6},"end":{"line":18,"column":21}},"9":{"start":{"line":19,"column":11},"end":{"line":19,"column":60}},"10":{"start":{"line":20,"column":4},"end":{"line":20,"column":19}},"11":{"start":{"line":23,"column":2},"end":{"line":133,"column":4}},"12":{"start":{"line":26,"column":32},"end":{"line":26,"column":68}},"13":{"start":{"line":28,"column":10},"end":{"line":129,"column":16}},"14":{"start":{"line":85,"column":34},"end":{"line":85,"column":53}}},"fnMap":{"0":{"name":"(anonymous_0)","decl":{"start":{"line":8,"column":24},"end":{"line":8,"column":25}},"loc":{"start":{"line":8,"column":30},"end":{"line":134,"column":1}},"line":8},"1":{"name":"(anonymous_1)","decl":{"start":{"line":9,"column":33},"end":{"line":9,"column":34}},"loc":{"start":{"line":9,"column":44},"end":{"line":9,"column":68}},"line":9},"2":{"name":"(anonymous_2)","decl":{"start":{"line":15,"column":22},"end":{"line":15,"column":23}},"loc":{"start":{"line":15,"column":34},"end":{"line":21,"column":3}},"line":15},"3":{"name":"(anonymous_3)","decl":{"start":{"line":26,"column":16},"end":{"line":26,"column":17}},"loc":{"start":{"line":26,"column":32},"end":{"line":26,"column":68}},"line":26},"4":{"name":"(anonymous_4)","decl":{"start":{"line":27,"column":13},"end":{"line":27,"column":14}},"loc":{"start":{"line":28,"column":10},"end":{"line":129,"column":16}},"line":28},"5":{"name":"(anonymous_5)","decl":{"start":{"line":85,"column":28},"end":{"line":85,"column":29}},"loc":{"start":{"line":85,"column":34},"end":{"line":85,"column":53}},"line":85}},"branchMap":{"0":{"loc":{"start":{"line":16,"column":4},"end":{"line":19,"column":60}},"type":"if","locations":[{"start":{"line":16,"column":4},"end":{"line":19,"column":60}},{"start":{"line":19,"column":11},"end":{"line":19,"column":60}}],"line":16},"1":{"loc":{"start":{"line":30,"column":14},"end":{"line":55,"column":15}},"type":"cond-expr","locations":[{"start":{"line":32,"column":16},"end":{"line":42,"column":23}},{"start":{"line":44,"column":16},"end":{"line":54,"column":23}}],"line":30},"2":{"loc":{"start":{"line":57,"column":18},"end":{"line":80,"column":17}},"type":"cond-expr","locations":[{"start":{"line":59,"column":18},"end":{"line":68,"column":25}},{"start":{"line":71,"column":18},"end":{"line":79,"column":25}}],"line":57},"3":{"loc":{"start":{"line":81,"column":18},"end":{"line":93,"column":26}},"type":"cond-expr","locations":[{"start":{"line":81,"column":28},"end":{"line":81,"column":47}},{"start":{"line":82,"column":16},"end":{"line":93,"column":25}}],"line":81},"4":{"loc":{"start":{"line":95,"column":14},"end":{"line":100,"column":11}},"type":"binary-expr","locations":[{"start":{"line":95,"column":14},"end":{"line":95,"column":35}},{"start":{"line":97,"column":12},"end":{"line":99,"column":16}}],"line":95}},"s":{"0":9,"1":12,"2":14,"3":11,"4":11,"5":11,"6":0,"7":0,"8":0,"9":0,"10":0,"11":11,"12":9,"13":8,"14":0},"f":{"0":12,"1":14,"2":0,"3":9,"4":8,"5":0},"b":{"0":[0,0],"1":[8,0],"2":[8,0],"3":[0,8],"4":[8,0]},"_coverageSchema":"1a1c01bbd47fc00a2c39e90264f33305004495a9","hash":"d47e17c69546d745ba5a867a5eb100ccec7527c5"}
,"/home/erika/Documentos/Teste/recipe-app/src/components/DoneRecipesFilter.js": {"path":"/home/erika/Documentos/Teste/recipe-app/src/components/DoneRecipesFilter.js","statementMap":{"0":{"start":{"line":5,"column":26},"end":{"line":45,"column":1}},"1":{"start":{"line":6,"column":19},"end":{"line":6,"column":32}},"2":{"start":{"line":7,"column":22},"end":{"line":9,"column":3}},"3":{"start":{"line":8,"column":4},"end":{"line":8,"column":36}},"4":{"start":{"line":10,"column":2},"end":{"line":44,"column":4}}},"fnMap":{"0":{"name":"(anonymous_0)","decl":{"start":{"line":5,"column":26},"end":{"line":5,"column":27}},"loc":{"start":{"line":5,"column":32},"end":{"line":45,"column":1}},"line":5},"1":{"name":"(anonymous_1)","decl":{"start":{"line":7,"column":22},"end":{"line":7,"column":23}},"loc":{"start":{"line":7,"column":49},"end":{"line":9,"column":3}},"line":7}},"branchMap":{},"s":{"0":10,"1":10,"2":10,"3":6,"4":10},"f":{"0":10,"1":6},"b":{},"_coverageSchema":"1a1c01bbd47fc00a2c39e90264f33305004495a9","hash":"7f9e89fc1dcdfab7f6612432a0ad5a6377da5d0e"}
,"/home/erika/Documentos/Teste/recipe-app/src/components/DrinkDetails.js": {"path":"/home/erika/Documentos/Teste/recipe-app/src/components/DrinkDetails.js","statementMap":{"0":{"start":{"line":12,"column":21},"end":{"line":44,"column":1}},"1":{"start":{"line":13,"column":19},"end":{"line":13,"column":32}},"2":{"start":{"line":14,"column":18},"end":{"line":14,"column":30}},"3":{"start":{"line":15,"column":18},"end":{"line":15,"column":54}},"4":{"start":{"line":16,"column":23},"end":{"line":16,"column":73}},"5":{"start":{"line":16,"column":46},"end":{"line":16,"column":72}},"6":{"start":{"line":17,"column":22},"end":{"line":19,"column":8}},"7":{"start":{"line":18,"column":23},"end":{"line":18,"column":69}},"8":{"start":{"line":20,"column":19},"end":{"line":22,"column":8}},"9":{"start":{"line":21,"column":23},"end":{"line":21,"column":54}},"10":{"start":{"line":24,"column":2},"end":{"line":26,"column":9}},"11":{"start":{"line":25,"column":4},"end":{"line":25,"column":49}},"12":{"start":{"line":28,"column":2},"end":{"line":43,"column":4}}},"fnMap":{"0":{"name":"(anonymous_0)","decl":{"start":{"line":12,"column":21},"end":{"line":12,"column":22}},"loc":{"start":{"line":12,"column":27},"end":{"line":44,"column":1}},"line":12},"1":{"name":"(anonymous_1)","decl":{"start":{"line":16,"column":35},"end":{"line":16,"column":36}},"loc":{"start":{"line":16,"column":46},"end":{"line":16,"column":72}},"line":16},"2":{"name":"(anonymous_2)","decl":{"start":{"line":18,"column":12},"end":{"line":18,"column":13}},"loc":{"start":{"line":18,"column":23},"end":{"line":18,"column":69}},"line":18},"3":{"name":"(anonymous_3)","decl":{"start":{"line":21,"column":12},"end":{"line":21,"column":13}},"loc":{"start":{"line":21,"column":23},"end":{"line":21,"column":54}},"line":21},"4":{"name":"(anonymous_4)","decl":{"start":{"line":24,"column":12},"end":{"line":24,"column":13}},"loc":{"start":{"line":24,"column":18},"end":{"line":26,"column":3}},"line":24}},"branchMap":{"0":{"loc":{"start":{"line":17,"column":22},"end":{"line":19,"column":8}},"type":"cond-expr","locations":[{"start":{"line":17,"column":44},"end":{"line":18,"column":70}},{"start":{"line":19,"column":6},"end":{"line":19,"column":8}}],"line":17},"1":{"loc":{"start":{"line":18,"column":23},"end":{"line":18,"column":69}},"type":"binary-expr","locations":[{"start":{"line":18,"column":23},"end":{"line":18,"column":57}},{"start":{"line":18,"column":61},"end":{"line":18,"column":69}}],"line":18},"2":{"loc":{"start":{"line":20,"column":19},"end":{"line":22,"column":8}},"type":"cond-expr","locations":[{"start":{"line":20,"column":41},"end":{"line":21,"column":55}},{"start":{"line":22,"column":6},"end":{"line":22,"column":8}}],"line":20},"3":{"loc":{"start":{"line":30,"column":8},"end":{"line":30,"column":48}},"type":"binary-expr","locations":[{"start":{"line":30,"column":8},"end":{"line":30,"column":27}},{"start":{"line":30,"column":31},"end":{"line":30,"column":48}}],"line":30}},"s":{"0":9,"1":5,"2":5,"3":5,"4":5,"5":17,"6":5,"7":102,"8":5,"9":102,"10":5,"11":3,"12":5},"f":{"0":5,"1":17,"2":102,"3":102,"4":3},"b":{"0":[2,3],"1":[102,30],"2":[2,3],"3":[5,2]},"_coverageSchema":"1a1c01bbd47fc00a2c39e90264f33305004495a9","hash":"7f84653e957484207cd9442425f93227b88c5c0d"}
,"/home/erika/Documentos/Teste/recipe-app/src/components/DrinkInProgress.js": {"path":"/home/erika/Documentos/Teste/recipe-app/src/components/DrinkInProgress.js","statementMap":{"0":{"start":{"line":11,"column":24},"end":{"line":48,"column":1}},"1":{"start":{"line":12,"column":19},"end":{"line":12,"column":32}},"2":{"start":{"line":13,"column":18},"end":{"line":13,"column":30}},"3":{"start":{"line":14,"column":18},"end":{"line":14,"column":54}},"4":{"start":{"line":15,"column":23},"end":{"line":15,"column":73}},"5":{"start":{"line":15,"column":46},"end":{"line":15,"column":72}},"6":{"start":{"line":16,"column":22},"end":{"line":18,"column":8}},"7":{"start":{"line":17,"column":23},"end":{"line":17,"column":69}},"8":{"start":{"line":19,"column":19},"end":{"line":21,"column":8}},"9":{"start":{"line":20,"column":23},"end":{"line":20,"column":54}},"10":{"start":{"line":23,"column":2},"end":{"line":25,"column":9}},"11":{"start":{"line":24,"column":4},"end":{"line":24,"column":49}},"12":{"start":{"line":26,"column":2},"end":{"line":47,"column":4}}},"fnMap":{"0":{"name":"(anonymous_0)","decl":{"start":{"line":11,"column":24},"end":{"line":11,"column":25}},"loc":{"start":{"line":11,"column":30},"end":{"line":48,"column":1}},"line":11},"1":{"name":"(anonymous_1)","decl":{"start":{"line":15,"column":35},"end":{"line":15,"column":36}},"loc":{"start":{"line":15,"column":46},"end":{"line":15,"column":72}},"line":15},"2":{"name":"(anonymous_2)","decl":{"start":{"line":17,"column":12},"end":{"line":17,"column":13}},"loc":{"start":{"line":17,"column":23},"end":{"line":17,"column":69}},"line":17},"3":{"name":"(anonymous_3)","decl":{"start":{"line":20,"column":12},"end":{"line":20,"column":13}},"loc":{"start":{"line":20,"column":23},"end":{"line":20,"column":54}},"line":20},"4":{"name":"(anonymous_4)","decl":{"start":{"line":23,"column":12},"end":{"line":23,"column":13}},"loc":{"start":{"line":23,"column":18},"end":{"line":25,"column":3}},"line":23}},"branchMap":{"0":{"loc":{"start":{"line":16,"column":22},"end":{"line":18,"column":8}},"type":"cond-expr","locations":[{"start":{"line":16,"column":44},"end":{"line":17,"column":70}},{"start":{"line":18,"column":6},"end":{"line":18,"column":8}}],"line":16},"1":{"loc":{"start":{"line":17,"column":23},"end":{"line":17,"column":69}},"type":"binary-expr","locations":[{"start":{"line":17,"column":23},"end":{"line":17,"column":57}},{"start":{"line":17,"column":61},"end":{"line":17,"column":69}}],"line":17},"2":{"loc":{"start":{"line":19,"column":19},"end":{"line":21,"column":8}},"type":"cond-expr","locations":[{"start":{"line":19,"column":41},"end":{"line":20,"column":55}},{"start":{"line":21,"column":6},"end":{"line":21,"column":8}}],"line":19}},"s":{"0":9,"1":1,"2":1,"3":1,"4":1,"5":3,"6":1,"7":0,"8":1,"9":0,"10":1,"11":1,"12":1},"f":{"0":1,"1":3,"2":0,"3":0,"4":1},"b":{"0":[0,1],"1":[0,0],"2":[0,1]},"_coverageSchema":"1a1c01bbd47fc00a2c39e90264f33305004495a9","hash":"34445cbfafd072861347561aba81c8c937cdd68b"}
,"/home/erika/Documentos/Teste/recipe-app/src/components/Drinks.js": {"path":"/home/erika/Documentos/Teste/recipe-app/src/components/Drinks.js","statementMap":{"0":{"start":{"line":13,"column":15},"end":{"line":54,"column":1}},"1":{"start":{"line":14,"column":18},"end":{"line":14,"column":30}},"2":{"start":{"line":15,"column":19},"end":{"line":15,"column":21}},"3":{"start":{"line":16,"column":19},"end":{"line":16,"column":32}},"4":{"start":{"line":17,"column":26},"end":{"line":17,"column":75}},"5":{"start":{"line":17,"column":49},"end":{"line":17,"column":74}},"6":{"start":{"line":18,"column":21},"end":{"line":18,"column":69}},"7":{"start":{"line":18,"column":44},"end":{"line":18,"column":68}},"8":{"start":{"line":20,"column":2},"end":{"line":22,"column":9}},"9":{"start":{"line":21,"column":4},"end":{"line":21,"column":35}},"10":{"start":{"line":23,"column":2},"end":{"line":53,"column":4}},"11":{"start":{"line":38,"column":20},"end":{"line":45,"column":22}},"12":{"start":{"line":56,"column":0},"end":{"line":60,"column":13}}},"fnMap":{"0":{"name":"(anonymous_0)","decl":{"start":{"line":13,"column":15},"end":{"line":13,"column":16}},"loc":{"start":{"line":13,"column":21},"end":{"line":54,"column":1}},"line":13},"1":{"name":"(anonymous_1)","decl":{"start":{"line":17,"column":38},"end":{"line":17,"column":39}},"loc":{"start":{"line":17,"column":49},"end":{"line":17,"column":74}},"line":17},"2":{"name":"(anonymous_2)","decl":{"start":{"line":18,"column":33},"end":{"line":18,"column":34}},"loc":{"start":{"line":18,"column":44},"end":{"line":18,"column":68}},"line":18},"3":{"name":"(anonymous_3)","decl":{"start":{"line":20,"column":12},"end":{"line":20,"column":13}},"loc":{"start":{"line":20,"column":18},"end":{"line":22,"column":3}},"line":20},"4":{"name":"(anonymous_4)","decl":{"start":{"line":37,"column":23},"end":{"line":37,"column":24}},"loc":{"start":{"line":38,"column":20},"end":{"line":45,"column":22}},"line":38}},"branchMap":{"0":{"loc":{"start":{"line":27,"column":8},"end":{"line":27,"column":39}},"type":"binary-expr","locations":[{"start":{"line":27,"column":8},"end":{"line":27,"column":23}},{"start":{"line":27,"column":27},"end":{"line":27,"column":39}}],"line":27},"1":{"loc":{"start":{"line":31,"column":8},"end":{"line":49,"column":9}},"type":"binary-expr","locations":[{"start":{"line":31,"column":8},"end":{"line":31,"column":18}},{"start":{"line":32,"column":10},"end":{"line":48,"column":16}}],"line":31},"2":{"loc":{"start":{"line":34,"column":14},"end":{"line":46,"column":21}},"type":"cond-expr","locations":[{"start":{"line":35,"column":18},"end":{"line":35,"column":67}},{"start":{"line":36,"column":19},"end":{"line":46,"column":20}}],"line":34}},"s":{"0":9,"1":1,"2":1,"3":1,"4":1,"5":1,"6":1,"7":1,"8":1,"9":1,"10":1,"11":0,"12":9},"f":{"0":1,"1":1,"2":1,"3":1,"4":0},"b":{"0":[1,0],"1":[1,1],"2":[0,1]},"_coverageSchema":"1a1c01bbd47fc00a2c39e90264f33305004495a9","hash":"cbb067a810f0c490bf46ea8b07d02f0972da120b"}
,"/home/erika/Documentos/Teste/recipe-app/src/components/FavoriteRecipeCard.js": {"path":"/home/erika/Documentos/Teste/recipe-app/src/components/FavoriteRecipeCard.js","statementMap":{"0":{"start":{"line":9,"column":27},"end":{"line":143,"column":1}},"1":{"start":{"line":10,"column":21},"end":{"line":10,"column":69}},"2":{"start":{"line":10,"column":44},"end":{"line":10,"column":68}},"3":{"start":{"line":13,"column":6},"end":{"line":13,"column":44}},"4":{"start":{"line":15,"column":16},"end":{"line":18,"column":3}},"5":{"start":{"line":16,"column":20},"end":{"line":16,"column":67}},"6":{"start":{"line":16,"column":51},"end":{"line":16,"column":66}},"7":{"start":{"line":17,"column":4},"end":{"line":17,"column":84}},"8":{"start":{"line":17,"column":62},"end":{"line":17,"column":80}},"9":{"start":{"line":19,"column":30},"end":{"line":19,"column":45}},"10":{"start":{"line":21,"column":22},"end":{"line":27,"column":3}},"11":{"start":{"line":22,"column":4},"end":{"line":25,"column":60}},"12":{"start":{"line":23,"column":6},"end":{"line":23,"column":56}},"13":{"start":{"line":24,"column":6},"end":{"line":24,"column":21}},"14":{"start":{"line":25,"column":11},"end":{"line":25,"column":60}},"15":{"start":{"line":26,"column":4},"end":{"line":26,"column":19}},"16":{"start":{"line":29,"column":2},"end":{"line":142,"column":4}},"17":{"start":{"line":32,"column":31},"end":{"line":32,"column":66}},"18":{"start":{"line":34,"column":10},"end":{"line":138,"column":16}},"19":{"start":{"line":94,"column":38},"end":{"line":94,"column":57}},"20":{"start":{"line":105,"column":36},"end":{"line":105,"column":49}}},"fnMap":{"0":{"name":"(anonymous_0)","decl":{"start":{"line":9,"column":27},"end":{"line":9,"column":28}},"loc":{"start":{"line":9,"column":33},"end":{"line":143,"column":1}},"line":9},"1":{"name":"(anonymous_1)","decl":{"start":{"line":10,"column":33},"end":{"line":10,"column":34}},"loc":{"start":{"line":10,"column":44},"end":{"line":10,"column":68}},"line":10},"2":{"name":"(anonymous_2)","decl":{"start":{"line":15,"column":16},"end":{"line":15,"column":17}},"loc":{"start":{"line":15,"column":28},"end":{"line":18,"column":3}},"line":15},"3":{"name":"(anonymous_3)","decl":{"start":{"line":16,"column":41},"end":{"line":16,"column":42}},"loc":{"start":{"line":16,"column":51},"end":{"line":16,"column":66}},"line":16},"4":{"name":"(anonymous_4)","decl":{"start":{"line":17,"column":50},"end":{"line":17,"column":51}},"loc":{"start":{"line":17,"column":62},"end":{"line":17,"column":80}},"line":17},"5":{"name":"(anonymous_5)","decl":{"start":{"line":21,"column":22},"end":{"line":21,"column":23}},"loc":{"start":{"line":21,"column":34},"end":{"line":27,"column":3}},"line":21},"6":{"name":"(anonymous_6)","decl":{"start":{"line":32,"column":16},"end":{"line":32,"column":17}},"loc":{"start":{"line":32,"column":31},"end":{"line":32,"column":66}},"line":32},"7":{"name":"(anonymous_7)","decl":{"start":{"line":33,"column":13},"end":{"line":33,"column":14}},"loc":{"start":{"line":34,"column":10},"end":{"line":138,"column":16}},"line":34},"8":{"name":"(anonymous_8)","decl":{"start":{"line":94,"column":32},"end":{"line":94,"column":33}},"loc":{"start":{"line":94,"column":38},"end":{"line":94,"column":57}},"line":94},"9":{"name":"(anonymous_9)","decl":{"start":{"line":105,"column":30},"end":{"line":105,"column":31}},"loc":{"start":{"line":105,"column":36},"end":{"line":105,"column":49}},"line":105}},"branchMap":{"0":{"loc":{"start":{"line":22,"column":4},"end":{"line":25,"column":60}},"type":"if","locations":[{"start":{"line":22,"column":4},"end":{"line":25,"column":60}},{"start":{"line":25,"column":11},"end":{"line":25,"column":60}}],"line":22},"1":{"loc":{"start":{"line":37,"column":14},"end":{"line":63,"column":15}},"type":"cond-expr","locations":[{"start":{"line":39,"column":16},"end":{"line":49,"column":23}},{"start":{"line":51,"column":16},"end":{"line":62,"column":23}}],"line":37},"2":{"loc":{"start":{"line":66,"column":18},"end":{"line":88,"column":19}},"type":"cond-expr","locations":[{"start":{"line":68,"column":20},"end":{"line":76,"column":27}},{"start":{"line":79,"column":20},"end":{"line":87,"column":27}}],"line":66},"3":{"loc":{"start":{"line":90,"column":20},"end":{"line":102,"column":30}},"type":"cond-expr","locations":[{"start":{"line":90,"column":30},"end":{"line":90,"column":49}},{"start":{"line":91,"column":20},"end":{"line":102,"column":29}}],"line":90},"4":{"loc":{"start":{"line":116,"column":16},"end":{"line":121,"column":25}},"type":"binary-expr","locations":[{"start":{"line":116,"column":16},"end":{"line":116,"column":39}},{"start":{"line":118,"column":14},"end":{"line":120,"column":18}}],"line":116}},"s":{"0":10,"1":17,"2":19,"3":16,"4":16,"5":1,"6":1,"7":1,"8":2,"9":16,"10":16,"11":0,"12":0,"13":0,"14":0,"15":0,"16":16,"17":23,"18":21,"19":0,"20":1},"f":{"0":17,"1":19,"2":1,"3":1,"4":2,"5":0,"6":23,"7":21,"8":0,"9":1},"b":{"0":[0,0],"1":[10,11],"2":[10,11],"3":[0,21],"4":[21,11]},"_coverageSchema":"1a1c01bbd47fc00a2c39e90264f33305004495a9","hash":"4e0f5f3b9939da02b42d165ca17af2bde0de17ff"}
,"/home/erika/Documentos/Teste/recipe-app/src/components/FinishButton.js": {"path":"/home/erika/Documentos/Teste/recipe-app/src/components/FinishButton.js","statementMap":{"0":{"start":{"line":7,"column":21},"end":{"line":49,"column":1}},"1":{"start":{"line":16,"column":18},"end":{"line":16,"column":30}},"2":{"start":{"line":17,"column":40},"end":{"line":17,"column":74}},"3":{"start":{"line":18,"column":29},"end":{"line":18,"column":85}},"4":{"start":{"line":18,"column":52},"end":{"line":18,"column":84}},"5":{"start":{"line":19,"column":22},"end":{"line":33,"column":3}},"6":{"start":{"line":20,"column":4},"end":{"line":31,"column":8}},"7":{"start":{"line":32,"column":4},"end":{"line":32,"column":34}},"8":{"start":{"line":34,"column":2},"end":{"line":48,"column":4}},"9":{"start":{"line":51,"column":0},"end":{"line":53,"column":13}}},"fnMap":{"0":{"name":"(anonymous_0)","decl":{"start":{"line":7,"column":21},"end":{"line":7,"column":22}},"loc":{"start":{"line":15,"column":13},"end":{"line":49,"column":1}},"line":15},"1":{"name":"(anonymous_1)","decl":{"start":{"line":18,"column":41},"end":{"line":18,"column":42}},"loc":{"start":{"line":18,"column":52},"end":{"line":18,"column":84}},"line":18},"2":{"name":"(anonymous_2)","decl":{"start":{"line":19,"column":22},"end":{"line":19,"column":23}},"loc":{"start":{"line":19,"column":28},"end":{"line":33,"column":3}},"line":19}},"branchMap":{},"s":{"0":9,"1":24,"2":24,"3":24,"4":49,"5":24,"6":1,"7":1,"8":24,"9":9},"f":{"0":24,"1":49,"2":1},"b":{},"_coverageSchema":"1a1c01bbd47fc00a2c39e90264f33305004495a9","hash":"a6b5141f176b6c44e66027ce32f804ddfc6e4cec"}
,"/home/erika/Documentos/Teste/recipe-app/src/components/FoodDetails.js": {"path":"/home/erika/Documentos/Teste/recipe-app/src/components/FoodDetails.js","statementMap":{"0":{"start":{"line":13,"column":20},"end":{"line":50,"column":1}},"1":{"start":{"line":14,"column":19},"end":{"line":14,"column":32}},"2":{"start":{"line":15,"column":18},"end":{"line":15,"column":30}},"3":{"start":{"line":16,"column":17},"end":{"line":16,"column":53}},"4":{"start":{"line":17,"column":22},"end":{"line":17,"column":71}},"5":{"start":{"line":17,"column":45},"end":{"line":17,"column":70}},"6":{"start":{"line":18,"column":22},"end":{"line":20,"column":8}},"7":{"start":{"line":19,"column":22},"end":{"line":19,"column":66}},"8":{"start":{"line":21,"column":19},"end":{"line":23,"column":8}},"9":{"start":{"line":22,"column":22},"end":{"line":22,"column":52}},"10":{"start":{"line":25,"column":2},"end":{"line":27,"column":9}},"11":{"start":{"line":26,"column":4},"end":{"line":26,"column":47}},"12":{"start":{"line":28,"column":2},"end":{"line":49,"column":4}}},"fnMap":{"0":{"name":"(anonymous_0)","decl":{"start":{"line":13,"column":20},"end":{"line":13,"column":21}},"loc":{"start":{"line":13,"column":26},"end":{"line":50,"column":1}},"line":13},"1":{"name":"(anonymous_1)","decl":{"start":{"line":17,"column":34},"end":{"line":17,"column":35}},"loc":{"start":{"line":17,"column":45},"end":{"line":17,"column":70}},"line":17},"2":{"name":"(anonymous_2)","decl":{"start":{"line":19,"column":12},"end":{"line":19,"column":13}},"loc":{"start":{"line":19,"column":22},"end":{"line":19,"column":66}},"line":19},"3":{"name":"(anonymous_3)","decl":{"start":{"line":22,"column":12},"end":{"line":22,"column":13}},"loc":{"start":{"line":22,"column":22},"end":{"line":22,"column":52}},"line":22},"4":{"name":"(anonymous_4)","decl":{"start":{"line":25,"column":12},"end":{"line":25,"column":13}},"loc":{"start":{"line":25,"column":18},"end":{"line":27,"column":3}},"line":25}},"branchMap":{"0":{"loc":{"start":{"line":18,"column":22},"end":{"line":20,"column":8}},"type":"cond-expr","locations":[{"start":{"line":18,"column":43},"end":{"line":19,"column":67}},{"start":{"line":20,"column":6},"end":{"line":20,"column":8}}],"line":18},"1":{"loc":{"start":{"line":19,"column":22},"end":{"line":19,"column":66}},"type":"binary-expr","locations":[{"start":{"line":19,"column":22},"end":{"line":19,"column":55}},{"start":{"line":19,"column":59},"end":{"line":19,"column":66}}],"line":19},"2":{"loc":{"start":{"line":21,"column":19},"end":{"line":23,"column":8}},"type":"cond-expr","locations":[{"start":{"line":21,"column":40},"end":{"line":22,"column":53}},{"start":{"line":23,"column":6},"end":{"line":23,"column":8}}],"line":21},"3":{"loc":{"start":{"line":30,"column":8},"end":{"line":30,"column":57}},"type":"binary-expr","locations":[{"start":{"line":30,"column":8},"end":{"line":30,"column":26}},{"start":{"line":30,"column":30},"end":{"line":30,"column":57}}],"line":30},"4":{"loc":{"start":{"line":39,"column":20},"end":{"line":41,"column":16}},"type":"cond-expr","locations":[{"start":{"line":40,"column":14},"end":{"line":40,"column":54}},{"start":{"line":41,"column":14},"end":{"line":41,"column":16}}],"line":39}},"s":{"0":9,"1":13,"2":13,"3":13,"4":13,"5":42,"6":13,"7":316,"8":13,"9":316,"10":13,"11":9,"12":13},"f":{"0":13,"1":42,"2":316,"3":316,"4":9},"b":{"0":[6,7],"1":[316,120],"2":[6,7],"3":[13,6],"4":[6,7]},"_coverageSchema":"1a1c01bbd47fc00a2c39e90264f33305004495a9","hash":"777bf111c1e6457a618b83a7691ef269530ce98d"}
,"/home/erika/Documentos/Teste/recipe-app/src/components/FoodInProgress.js": {"path":"/home/erika/Documentos/Teste/recipe-app/src/components/FoodInProgress.js","statementMap":{"0":{"start":{"line":11,"column":23},"end":{"line":47,"column":1}},"1":{"start":{"line":12,"column":19},"end":{"line":12,"column":32}},"2":{"start":{"line":13,"column":18},"end":{"line":13,"column":30}},"3":{"start":{"line":14,"column":17},"end":{"line":14,"column":53}},"4":{"start":{"line":15,"column":22},"end":{"line":15,"column":71}},"5":{"start":{"line":15,"column":45},"end":{"line":15,"column":70}},"6":{"start":{"line":16,"column":22},"end":{"line":18,"column":8}},"7":{"start":{"line":17,"column":22},"end":{"line":17,"column":66}},"8":{"start":{"line":19,"column":19},"end":{"line":21,"column":8}},"9":{"start":{"line":20,"column":22},"end":{"line":20,"column":52}},"10":{"start":{"line":22,"column":2},"end":{"line":24,"column":9}},"11":{"start":{"line":23,"column":4},"end":{"line":23,"column":47}},"12":{"start":{"line":25,"column":2},"end":{"line":46,"column":4}}},"fnMap":{"0":{"name":"(anonymous_0)","decl":{"start":{"line":11,"column":23},"end":{"line":11,"column":24}},"loc":{"start":{"line":11,"column":29},"end":{"line":47,"column":1}},"line":11},"1":{"name":"(anonymous_1)","decl":{"start":{"line":15,"column":34},"end":{"line":15,"column":35}},"loc":{"start":{"line":15,"column":45},"end":{"line":15,"column":70}},"line":15},"2":{"name":"(anonymous_2)","decl":{"start":{"line":17,"column":12},"end":{"line":17,"column":13}},"loc":{"start":{"line":17,"column":22},"end":{"line":17,"column":66}},"line":17},"3":{"name":"(anonymous_3)","decl":{"start":{"line":20,"column":12},"end":{"line":20,"column":13}},"loc":{"start":{"line":20,"column":22},"end":{"line":20,"column":52}},"line":20},"4":{"name":"(anonymous_4)","decl":{"start":{"line":22,"column":12},"end":{"line":22,"column":13}},"loc":{"start":{"line":22,"column":18},"end":{"line":24,"column":3}},"line":22}},"branchMap":{"0":{"loc":{"start":{"line":16,"column":22},"end":{"line":18,"column":8}},"type":"cond-expr","locations":[{"start":{"line":16,"column":43},"end":{"line":17,"column":67}},{"start":{"line":18,"column":6},"end":{"line":18,"column":8}}],"line":16},"1":{"loc":{"start":{"line":17,"column":22},"end":{"line":17,"column":66}},"type":"binary-expr","locations":[{"start":{"line":17,"column":22},"end":{"line":17,"column":55}},{"start":{"line":17,"column":59},"end":{"line":17,"column":66}}],"line":17},"2":{"loc":{"start":{"line":19,"column":19},"end":{"line":21,"column":8}},"type":"cond-expr","locations":[{"start":{"line":19,"column":40},"end":{"line":20,"column":53}},{"start":{"line":21,"column":6},"end":{"line":21,"column":8}}],"line":19}},"s":{"0":9,"1":5,"2":4,"3":4,"4":4,"5":27,"6":4,"7":106,"8":4,"9":106,"10":4,"11":3,"12":4},"f":{"0":5,"1":27,"2":106,"3":106,"4":3},"b":{"0":[2,2],"1":[106,40],"2":[2,2]},"_coverageSchema":"1a1c01bbd47fc00a2c39e90264f33305004495a9","hash":"182a03ce7abe409542a11dd7003e0af4fc598f90"}
,"/home/erika/Documentos/Teste/recipe-app/src/components/Foods.js": {"path":"/home/erika/Documentos/Teste/recipe-app/src/components/Foods.js","statementMap":{"0":{"start":{"line":13,"column":14},"end":{"line":55,"column":1}},"1":{"start":{"line":14,"column":18},"end":{"line":14,"column":30}},"2":{"start":{"line":15,"column":19},"end":{"line":15,"column":21}},"3":{"start":{"line":16,"column":19},"end":{"line":16,"column":32}},"4":{"start":{"line":17,"column":26},"end":{"line":17,"column":75}},"5":{"start":{"line":17,"column":49},"end":{"line":17,"column":74}},"6":{"start":{"line":18,"column":20},"end":{"line":18,"column":67}},"7":{"start":{"line":18,"column":43},"end":{"line":18,"column":66}},"8":{"start":{"line":19,"column":19},"end":{"line":19,"column":71}},"9":{"start":{"line":19,"column":42},"end":{"line":19,"column":70}},"10":{"start":{"line":21,"column":2},"end":{"line":23,"column":9}},"11":{"start":{"line":22,"column":4},"end":{"line":22,"column":32}},"12":{"start":{"line":25,"column":2},"end":{"line":54,"column":4}},"13":{"start":{"line":40,"column":20},"end":{"line":47,"column":22}},"14":{"start":{"line":57,"column":0},"end":{"line":61,"column":13}}},"fnMap":{"0":{"name":"(anonymous_0)","decl":{"start":{"line":13,"column":14},"end":{"line":13,"column":15}},"loc":{"start":{"line":13,"column":20},"end":{"line":55,"column":1}},"line":13},"1":{"name":"(anonymous_1)","decl":{"start":{"line":17,"column":38},"end":{"line":17,"column":39}},"loc":{"start":{"line":17,"column":49},"end":{"line":17,"column":74}},"line":17},"2":{"name":"(anonymous_2)","decl":{"start":{"line":18,"column":32},"end":{"line":18,"column":33}},"loc":{"start":{"line":18,"column":43},"end":{"line":18,"column":66}},"line":18},"3":{"name":"(anonymous_3)","decl":{"start":{"line":19,"column":31},"end":{"line":19,"column":32}},"loc":{"start":{"line":19,"column":42},"end":{"line":19,"column":70}},"line":19},"4":{"name":"(anonymous_4)","decl":{"start":{"line":21,"column":12},"end":{"line":21,"column":13}},"loc":{"start":{"line":21,"column":18},"end":{"line":23,"column":3}},"line":21},"5":{"name":"(anonymous_5)","decl":{"start":{"line":39,"column":23},"end":{"line":39,"column":24}},"loc":{"start":{"line":40,"column":20},"end":{"line":47,"column":22}},"line":40}},"branchMap":{"0":{"loc":{"start":{"line":29,"column":8},"end":{"line":29,"column":39}},"type":"binary-expr","locations":[{"start":{"line":29,"column":8},"end":{"line":29,"column":23}},{"start":{"line":29,"column":27},"end":{"line":29,"column":39}}],"line":29},"1":{"loc":{"start":{"line":33,"column":8},"end":{"line":50,"column":17}},"type":"binary-expr","locations":[{"start":{"line":33,"column":8},"end":{"line":33,"column":17}},{"start":{"line":34,"column":10},"end":{"line":50,"column":16}}],"line":33},"2":{"loc":{"start":{"line":36,"column":14},"end":{"line":48,"column":21}},"type":"cond-expr","locations":[{"start":{"line":37,"column":18},"end":{"line":37,"column":64}},{"start":{"line":38,"column":19},"end":{"line":48,"column":20}}],"line":36},"3":{"loc":{"start":{"line":36,"column":14},"end":{"line":36,"column":49}},"type":"binary-expr","locations":[{"start":{"line":36,"column":14},"end":{"line":36,"column":37}},{"start":{"line":36,"column":41},"end":{"line":36,"column":49}}],"line":36}},"s":{"0":9,"1":79,"2":71,"3":71,"4":71,"5":132,"6":71,"7":132,"8":71,"9":132,"10":71,"11":33,"12":71,"13":395,"14":9},"f":{"0":79,"1":132,"2":132,"3":132,"4":33,"5":395},"b":{"0":[71,17],"1":[71,71],"2":[1,70],"3":[71,2]},"_coverageSchema":"1a1c01bbd47fc00a2c39e90264f33305004495a9","hash":"cb759ca37858103bbf2790e9b640dd9eb5710032"}
,"/home/erika/Documentos/Teste/recipe-app/src/components/Footer.js": {"path":"/home/erika/Documentos/Teste/recipe-app/src/components/Footer.js","statementMap":{"0":{"start":{"line":8,"column":15},"end":{"line":26,"column":1}},"1":{"start":{"line":9,"column":2},"end":{"line":25,"column":8}}},"fnMap":{"0":{"name":"(anonymous_0)","decl":{"start":{"line":8,"column":15},"end":{"line":8,"column":16}},"loc":{"start":{"line":9,"column":2},"end":{"line":25,"column":8}},"line":9}},"branchMap":{},"s":{"0":9,"1":81},"f":{"0":81},"b":{},"_coverageSchema":"1a1c01bbd47fc00a2c39e90264f33305004495a9","hash":"11673acf78f98e4a722f79b39b58f6a5ae6f3106"}
,"/home/erika/Documentos/Teste/recipe-app/src/components/Header.js": {"path":"/home/erika/Documentos/Teste/recipe-app/src/components/Header.js","statementMap":{"0":{"start":{"line":11,"column":15},"end":{"line":51,"column":1}},"1":{"start":{"line":12,"column":18},"end":{"line":12,"column":30}},"2":{"start":{"line":13,"column":19},"end":{"line":13,"column":32}},"3":{"start":{"line":15,"column":26},"end":{"line":17,"column":3}},"4":{"start":{"line":16,"column":4},"end":{"line":16,"column":33}},"5":{"start":{"line":19,"column":2},"end":{"line":50,"column":4}},"6":{"start":{"line":34,"column":23},"end":{"line":34,"column":47}},"7":{"start":{"line":53,"column":0},"end":{"line":56,"column":13}}},"fnMap":{"0":{"name":"(anonymous_0)","decl":{"start":{"line":11,"column":15},"end":{"line":11,"column":16}},"loc":{"start":{"line":11,"column":38},"end":{"line":51,"column":1}},"line":11},"1":{"name":"(anonymous_1)","decl":{"start":{"line":15,"column":26},"end":{"line":15,"column":27}},"loc":{"start":{"line":15,"column":32},"end":{"line":17,"column":3}},"line":15},"2":{"name":"(anonymous_2)","decl":{"start":{"line":34,"column":17},"end":{"line":34,"column":18}},"loc":{"start":{"line":34,"column":23},"end":{"line":34,"column":47}},"line":34}},"branchMap":{"0":{"loc":{"start":{"line":39,"column":7},"end":{"line":48,"column":7}},"type":"binary-expr","locations":[{"start":{"line":39,"column":7},"end":{"line":39,"column":13}},{"start":{"line":40,"column":8},"end":{"line":47,"column":17}}],"line":39}},"s":{"0":10,"1":91,"2":91,"3":91,"4":9,"5":91,"6":1,"7":10},"f":{"0":91,"1":9,"2":1},"b":{"0":[91,72]},"_coverageSchema":"1a1c01bbd47fc00a2c39e90264f33305004495a9","hash":"b520b2bfd90c7439b0c38f9206ac3ae49317c9ea"}
,"/home/erika/Documentos/Teste/recipe-app/src/components/Ingredients.js": {"path":"/home/erika/Documentos/Teste/recipe-app/src/components/Ingredients.js","statementMap":{"0":{"start":{"line":9,"column":20},"end":{"line":94,"column":1}},"1":{"start":{"line":10,"column":37},"end":{"line":10,"column":49}},"2":{"start":{"line":11,"column":19},"end":{"line":11,"column":32}},"3":{"start":{"line":12,"column":52},"end":{"line":16,"column":6}},"4":{"start":{"line":17,"column":23},"end":{"line":17,"column":55}},"5":{"start":{"line":18,"column":22},"end":{"line":18,"column":73}},"6":{"start":{"line":19,"column":19},"end":{"line":19,"column":59}},"7":{"start":{"line":20,"column":2},"end":{"line":22,"column":5}},"8":{"start":{"line":21,"column":4},"end":{"line":21,"column":55}},"9":{"start":{"line":24,"column":25},"end":{"line":44,"column":3}},"10":{"start":{"line":25,"column":4},"end":{"line":31,"column":5}},"11":{"start":{"line":26,"column":6},"end":{"line":30,"column":13}},"12":{"start":{"line":32,"column":4},"end":{"line":38,"column":5}},"13":{"start":{"line":32,"column":34},"end":{"line":32,"column":49}},"14":{"start":{"line":33,"column":6},"end":{"line":37,"column":13}},"15":{"start":{"line":36,"column":47},"end":{"line":36,"column":60}},"16":{"start":{"line":39,"column":4},"end":{"line":43,"column":11}},"17":{"start":{"line":46,"column":2},"end":{"line":93,"column":4}},"18":{"start":{"line":53,"column":12},"end":{"line":88,"column":15}},"19":{"start":{"line":59,"column":58},"end":{"line":59,"column":87}},"20":{"start":{"line":70,"column":58},"end":{"line":70,"column":87}},"21":{"start":{"line":96,"column":0},"end":{"line":101,"column":13}}},"fnMap":{"0":{"name":"(anonymous_0)","decl":{"start":{"line":9,"column":20},"end":{"line":9,"column":21}},"loc":{"start":{"line":9,"column":71},"end":{"line":94,"column":1}},"line":9},"1":{"name":"(anonymous_1)","decl":{"start":{"line":20,"column":12},"end":{"line":20,"column":13}},"loc":{"start":{"line":20,"column":18},"end":{"line":22,"column":3}},"line":20},"2":{"name":"(anonymous_2)","decl":{"start":{"line":24,"column":25},"end":{"line":24,"column":26}},"loc":{"start":{"line":24,"column":52},"end":{"line":44,"column":3}},"line":24},"3":{"name":"(anonymous_3)","decl":{"start":{"line":32,"column":23},"end":{"line":32,"column":24}},"loc":{"start":{"line":32,"column":34},"end":{"line":32,"column":49}},"line":32},"4":{"name":"(anonymous_4)","decl":{"start":{"line":36,"column":38},"end":{"line":36,"column":39}},"loc":{"start":{"line":36,"column":47},"end":{"line":36,"column":60}},"line":36},"5":{"name":"(anonymous_5)","decl":{"start":{"line":51,"column":31},"end":{"line":51,"column":32}},"loc":{"start":{"line":53,"column":12},"end":{"line":88,"column":15}},"line":53},"6":{"name":"(anonymous_6)","decl":{"start":{"line":59,"column":47},"end":{"line":59,"column":48}},"loc":{"start":{"line":59,"column":58},"end":{"line":59,"column":87}},"line":59},"7":{"name":"(anonymous_7)","decl":{"start":{"line":68,"column":33},"end":{"line":68,"column":34}},"loc":{"start":{"line":68,"column":39},"end":{"line":68,"column":41}},"line":68},"8":{"name":"(anonymous_8)","decl":{"start":{"line":70,"column":47},"end":{"line":70,"column":48}},"loc":{"start":{"line":70,"column":58},"end":{"line":70,"column":87}},"line":70}},"branchMap":{"0":{"loc":{"start":{"line":18,"column":22},"end":{"line":18,"column":73}},"type":"cond-expr","locations":[{"start":{"line":18,"column":52},"end":{"line":18,"column":63}},{"start":{"line":18,"column":66},"end":{"line":18,"column":73}}],"line":18},"1":{"loc":{"start":{"line":25,"column":4},"end":{"line":31,"column":5}},"type":"if","locations":[{"start":{"line":25,"column":4},"end":{"line":31,"column":5}},{"start":{},"end":{}}],"line":25},"2":{"loc":{"start":{"line":32,"column":4},"end":{"line":38,"column":5}},"type":"if","locations":[{"start":{"line":32,"column":4},"end":{"line":38,"column":5}},{"start":{},"end":{}}],"line":32},"3":{"loc":{"start":{"line":53,"column":12},"end":{"line":88,"column":15}},"type":"cond-expr","locations":[{"start":{"line":55,"column":16},"end":{"line":76,"column":21}},{"start":{"line":79,"column":16},"end":{"line":87,"column":21}}],"line":53},"4":{"loc":{"start":{"line":59,"column":32},"end":{"line":60,"column":49}},"type":"cond-expr","locations":[{"start":{"line":60,"column":24},"end":{"line":60,"column":42}},{"start":{"line":60,"column":45},"end":{"line":60,"column":49}}],"line":59}},"s":{"0":9,"1":54,"2":54,"3":54,"4":54,"5":54,"6":54,"7":54,"8":54,"9":54,"10":15,"11":1,"12":14,"13":103,"14":1,"15":13,"16":13,"17":54,"18":348,"19":1170,"20":1170,"21":9},"f":{"0":54,"1":54,"2":15,"3":103,"4":13,"5":348,"6":1170,"7":15,"8":1170},"b":{"0":[10,44],"1":[1,14],"2":[1,13],"3":[234,114],"4":[136,98]},"_coverageSchema":"1a1c01bbd47fc00a2c39e90264f33305004495a9","hash":"7542dab915067c5fd7a11cdb36a98fa828857b8b"}
,"/home/erika/Documentos/Teste/recipe-app/src/components/Instructions.js": {"path":"/home/erika/Documentos/Teste/recipe-app/src/components/Instructions.js","statementMap":{"0":{"start":{"line":5,"column":21},"end":{"line":34,"column":1}},"1":{"start":{"line":6,"column":23},"end":{"line":6,"column":73}},"2":{"start":{"line":6,"column":46},"end":{"line":6,"column":72}},"3":{"start":{"line":7,"column":22},"end":{"line":7,"column":71}},"4":{"start":{"line":7,"column":45},"end":{"line":7,"column":70}},"5":{"start":{"line":9,"column":26},"end":{"line":16,"column":3}},"6":{"start":{"line":10,"column":4},"end":{"line":15,"column":8}},"7":{"start":{"line":18,"column":25},"end":{"line":25,"column":3}},"8":{"start":{"line":19,"column":4},"end":{"line":24,"column":8}},"9":{"start":{"line":27,"column":2},"end":{"line":33,"column":4}},"10":{"start":{"line":36,"column":0},"end":{"line":38,"column":2}}},"fnMap":{"0":{"name":"(anonymous_0)","decl":{"start":{"line":5,"column":21},"end":{"line":5,"column":22}},"loc":{"start":{"line":5,"column":38},"end":{"line":34,"column":1}},"line":5},"1":{"name":"(anonymous_1)","decl":{"start":{"line":6,"column":35},"end":{"line":6,"column":36}},"loc":{"start":{"line":6,"column":46},"end":{"line":6,"column":72}},"line":6},"2":{"name":"(anonymous_2)","decl":{"start":{"line":7,"column":34},"end":{"line":7,"column":35}},"loc":{"start":{"line":7,"column":45},"end":{"line":7,"column":70}},"line":7},"3":{"name":"(anonymous_3)","decl":{"start":{"line":9,"column":26},"end":{"line":9,"column":27}},"loc":{"start":{"line":10,"column":4},"end":{"line":15,"column":8}},"line":10},"4":{"name":"(anonymous_4)","decl":{"start":{"line":18,"column":25},"end":{"line":18,"column":26}},"loc":{"start":{"line":19,"column":4},"end":{"line":24,"column":8}},"line":19}},"branchMap":{"0":{"loc":{"start":{"line":14,"column":7},"end":{"line":14,"column":65}},"type":"binary-expr","locations":[{"start":{"line":14,"column":7},"end":{"line":14,"column":30}},{"start":{"line":14,"column":34},"end":{"line":14,"column":65}}],"line":14},"1":{"loc":{"start":{"line":23,"column":7},"end":{"line":23,"column":63}},"type":"binary-expr","locations":[{"start":{"line":23,"column":7},"end":{"line":23,"column":29}},{"start":{"line":23,"column":33},"end":{"line":23,"column":63}}],"line":23},"2":{"loc":{"start":{"line":30,"column":8},"end":{"line":30,"column":54}},"type":"cond-expr","locations":[{"start":{"line":30,"column":18},"end":{"line":30,"column":35}},{"start":{"line":30,"column":38},"end":{"line":30,"column":54}}],"line":30}},"s":{"0":9,"1":23,"2":89,"3":23,"4":89,"5":23,"6":6,"7":23,"8":17,"9":23,"10":9},"f":{"0":23,"1":89,"2":89,"3":6,"4":17},"b":{"0":[6,2],"1":[17,8],"2":[6,17]},"_coverageSchema":"1a1c01bbd47fc00a2c39e90264f33305004495a9","hash":"622cc4764a26d81b6039abee1314252f4971812e"}
,"/home/erika/Documentos/Teste/recipe-app/src/components/LoginForm.js": {"path":"/home/erika/Documentos/Teste/recipe-app/src/components/LoginForm.js","statementMap":{"0":{"start":{"line":6,"column":18},"end":{"line":70,"column":1}},"1":{"start":{"line":7,"column":28},"end":{"line":7,"column":40}},"2":{"start":{"line":8,"column":34},"end":{"line":8,"column":46}},"3":{"start":{"line":9,"column":18},"end":{"line":9,"column":30}},"4":{"start":{"line":10,"column":27},"end":{"line":10,"column":50}},"5":{"start":{"line":11,"column":31},"end":{"line":11,"column":60}},"6":{"start":{"line":12,"column":30},"end":{"line":12,"column":63}},"7":{"start":{"line":13,"column":28},"end":{"line":13,"column":29}},"8":{"start":{"line":15,"column":23},"end":{"line":21,"column":3}},"9":{"start":{"line":16,"column":4},"end":{"line":16,"column":23}},"10":{"start":{"line":17,"column":4},"end":{"line":17,"column":28}},"11":{"start":{"line":18,"column":4},"end":{"line":18,"column":24}},"12":{"start":{"line":19,"column":4},"end":{"line":19,"column":23}},"13":{"start":{"line":20,"column":4},"end":{"line":20,"column":27}},"14":{"start":{"line":22,"column":2},"end":{"line":69,"column":4}},"15":{"start":{"line":40,"column":47},"end":{"line":40,"column":62}},"16":{"start":{"line":48,"column":47},"end":{"line":48,"column":65}}},"fnMap":{"0":{"name":"(anonymous_0)","decl":{"start":{"line":6,"column":18},"end":{"line":6,"column":19}},"loc":{"start":{"line":6,"column":24},"end":{"line":70,"column":1}},"line":6},"1":{"name":"(anonymous_1)","decl":{"start":{"line":15,"column":23},"end":{"line":15,"column":24}},"loc":{"start":{"line":15,"column":30},"end":{"line":21,"column":3}},"line":15},"2":{"name":"(anonymous_2)","decl":{"start":{"line":40,"column":20},"end":{"line":40,"column":21}},"loc":{"start":{"line":40,"column":47},"end":{"line":40,"column":62}},"line":40},"3":{"name":"(anonymous_3)","decl":{"start":{"line":48,"column":20},"end":{"line":48,"column":21}},"loc":{"start":{"line":48,"column":47},"end":{"line":48,"column":65}},"line":48}},"branchMap":{"0":{"loc":{"start":{"line":61,"column":14},"end":{"line":62,"column":49}},"type":"binary-expr","locations":[{"start":{"line":61,"column":14},"end":{"line":61,"column":42}},{"start":{"line":62,"column":14},"end":{"line":62,"column":49}}],"line":61}},"s":{"0":9,"1":850,"2":850,"3":850,"4":850,"5":850,"6":850,"7":850,"8":850,"9":32,"10":32,"11":32,"12":32,"13":32,"14":850,"15":510,"16":270},"f":{"0":850,"1":32,"2":510,"3":270},"b":{"0":[850,363]},"_coverageSchema":"1a1c01bbd47fc00a2c39e90264f33305004495a9","hash":"07e1c05deff8e678052311d247d6b88d9315da3f"}
,"/home/erika/Documentos/Teste/recipe-app/src/components/ProfileInfo.js": {"path":"/home/erika/Documentos/Teste/recipe-app/src/components/ProfileInfo.js","statementMap":{"0":{"start":{"line":5,"column":20},"end":{"line":67,"column":1}},"1":{"start":{"line":6,"column":37},"end":{"line":6,"column":60}},"2":{"start":{"line":7,"column":36},"end":{"line":7,"column":65}},"3":{"start":{"line":8,"column":35},"end":{"line":8,"column":68}},"4":{"start":{"line":9,"column":34},"end":{"line":9,"column":64}},"5":{"start":{"line":10,"column":38},"end":{"line":10,"column":72}},"6":{"start":{"line":11,"column":40},"end":{"line":11,"column":76}},"7":{"start":{"line":13,"column":22},"end":{"line":20,"column":3}},"8":{"start":{"line":14,"column":4},"end":{"line":14,"column":20}},"9":{"start":{"line":15,"column":4},"end":{"line":15,"column":26}},"10":{"start":{"line":16,"column":4},"end":{"line":16,"column":25}},"11":{"start":{"line":17,"column":4},"end":{"line":17,"column":24}},"12":{"start":{"line":18,"column":4},"end":{"line":18,"column":28}},"13":{"start":{"line":19,"column":4},"end":{"line":19,"column":30}},"14":{"start":{"line":22,"column":2},"end":{"line":66,"column":4}}},"fnMap":{"0":{"name":"(anonymous_0)","decl":{"start":{"line":5,"column":20},"end":{"line":5,"column":21}},"loc":{"start":{"line":5,"column":26},"end":{"line":67,"column":1}},"line":5},"1":{"name":"(anonymous_1)","decl":{"start":{"line":13,"column":22},"end":{"line":13,"column":23}},"loc":{"start":{"line":13,"column":28},"end":{"line":20,"column":3}},"line":13}},"branchMap":{},"s":{"0":9,"1":18,"2":18,"3":18,"4":18,"5":18,"6":18,"7":18,"8":2,"9":2,"10":2,"11":2,"12":2,"13":2,"14":18},"f":{"0":18,"1":2},"b":{},"_coverageSchema":"1a1c01bbd47fc00a2c39e90264f33305004495a9","hash":"95d56a5fcc2cc805c00a9f269bcd46400fb42d0e"}
,"/home/erika/Documentos/Teste/recipe-app/src/components/RecipeCard.js": {"path":"/home/erika/Documentos/Teste/recipe-app/src/components/RecipeCard.js","statementMap":{"0":{"start":{"line":5,"column":19},"end":{"line":27,"column":1}},"1":{"start":{"line":6,"column":2},"end":{"line":26,"column":9}},"2":{"start":{"line":29,"column":0},"end":{"line":35,"column":2}}},"fnMap":{"0":{"name":"(anonymous_0)","decl":{"start":{"line":5,"column":19},"end":{"line":5,"column":20}},"loc":{"start":{"line":6,"column":2},"end":{"line":26,"column":9}},"line":6}},"branchMap":{"0":{"loc":{"start":{"line":6,"column":13},"end":{"line":6,"column":67}},"type":"cond-expr","locations":[{"start":{"line":6,"column":23},"end":{"line":6,"column":44}},{"start":{"line":6,"column":47},"end":{"line":6,"column":67}}],"line":6}},"s":{"0":9,"1":395,"2":9},"f":{"0":395},"b":{"0":[0,395]},"_coverageSchema":"1a1c01bbd47fc00a2c39e90264f33305004495a9","hash":"2338e60cdb4e91a7e97813999dcbfc9e1d1bf93e"}
,"/home/erika/Documentos/Teste/recipe-app/src/components/Recommended.js": {"path":"/home/erika/Documentos/Teste/recipe-app/src/components/Recommended.js","statementMap":{"0":{"start":{"line":6,"column":20},"end":{"line":10,"column":1}},"1":{"start":{"line":7,"column":2},"end":{"line":9,"column":7}},"2":{"start":{"line":12,"column":0},"end":{"line":14,"column":2}}},"fnMap":{"0":{"name":"(anonymous_0)","decl":{"start":{"line":6,"column":20},"end":{"line":6,"column":21}},"loc":{"start":{"line":7,"column":2},"end":{"line":9,"column":7}},"line":7}},"branchMap":{"0":{"loc":{"start":{"line":8,"column":5},"end":{"line":8,"column":63}},"type":"cond-expr","locations":[{"start":{"line":8,"column":16},"end":{"line":8,"column":36}},{"start":{"line":8,"column":41},"end":{"line":8,"column":62}}],"line":8}},"s":{"0":9,"1":18,"2":9},"f":{"0":18},"b":{"0":[5,13]},"_coverageSchema":"1a1c01bbd47fc00a2c39e90264f33305004495a9","hash":"e045fa19d95318b9ed366d6f161297812255f6f1"}
,"/home/erika/Documentos/Teste/recipe-app/src/components/RecommendedDrinks.js": {"path":"/home/erika/Documentos/Teste/recipe-app/src/components/RecommendedDrinks.js","statementMap":{"0":{"start":{"line":7,"column":26},"end":{"line":49,"column":1}},"1":{"start":{"line":8,"column":19},"end":{"line":8,"column":32}},"2":{"start":{"line":9,"column":17},"end":{"line":9,"column":65}},"3":{"start":{"line":9,"column":40},"end":{"line":9,"column":64}},"4":{"start":{"line":10,"column":23},"end":{"line":10,"column":24}},"5":{"start":{"line":12,"column":2},"end":{"line":14,"column":9}},"6":{"start":{"line":13,"column":4},"end":{"line":13,"column":35}},"7":{"start":{"line":16,"column":2},"end":{"line":48,"column":4}},"8":{"start":{"line":19,"column":8},"end":{"line":46,"column":15}}},"fnMap":{"0":{"name":"(anonymous_0)","decl":{"start":{"line":7,"column":26},"end":{"line":7,"column":27}},"loc":{"start":{"line":7,"column":32},"end":{"line":49,"column":1}},"line":7},"1":{"name":"(anonymous_1)","decl":{"start":{"line":9,"column":29},"end":{"line":9,"column":30}},"loc":{"start":{"line":9,"column":40},"end":{"line":9,"column":64}},"line":9},"2":{"name":"(anonymous_2)","decl":{"start":{"line":12,"column":12},"end":{"line":12,"column":13}},"loc":{"start":{"line":12,"column":18},"end":{"line":14,"column":3}},"line":12},"3":{"name":"(anonymous_3)","decl":{"start":{"line":18,"column":47},"end":{"line":18,"column":48}},"loc":{"start":{"line":19,"column":8},"end":{"line":46,"column":15}},"line":19}},"branchMap":{"0":{"loc":{"start":{"line":22,"column":35},"end":{"line":22,"column":63}},"type":"cond-expr","locations":[{"start":{"line":22,"column":43},"end":{"line":22,"column":52}},{"start":{"line":22,"column":55},"end":{"line":22,"column":63}}],"line":22}},"s":{"0":9,"1":16,"2":16,"3":45,"4":16,"5":16,"6":9,"7":16,"8":36},"f":{"0":16,"1":45,"2":9,"3":36},"b":{"0":[12,24]},"_coverageSchema":"1a1c01bbd47fc00a2c39e90264f33305004495a9","hash":"901b620472308dd955c6bf217e348c06be0e4a2f"}
,"/home/erika/Documentos/Teste/recipe-app/src/components/RecommendedMeals.js": {"path":"/home/erika/Documentos/Teste/recipe-app/src/components/RecommendedMeals.js","statementMap":{"0":{"start":{"line":6,"column":25},"end":{"line":48,"column":1}},"1":{"start":{"line":7,"column":19},"end":{"line":7,"column":32}},"2":{"start":{"line":8,"column":16},"end":{"line":8,"column":63}},"3":{"start":{"line":8,"column":39},"end":{"line":8,"column":62}},"4":{"start":{"line":9,"column":23},"end":{"line":9,"column":24}},"5":{"start":{"line":11,"column":2},"end":{"line":13,"column":9}},"6":{"start":{"line":12,"column":4},"end":{"line":12,"column":34}},"7":{"start":{"line":15,"column":2},"end":{"line":47,"column":4}},"8":{"start":{"line":18,"column":8},"end":{"line":45,"column":15}}},"fnMap":{"0":{"name":"(anonymous_0)","decl":{"start":{"line":6,"column":25},"end":{"line":6,"column":26}},"loc":{"start":{"line":6,"column":31},"end":{"line":48,"column":1}},"line":6},"1":{"name":"(anonymous_1)","decl":{"start":{"line":8,"column":28},"end":{"line":8,"column":29}},"loc":{"start":{"line":8,"column":39},"end":{"line":8,"column":62}},"line":8},"2":{"name":"(anonymous_2)","decl":{"start":{"line":11,"column":12},"end":{"line":11,"column":13}},"loc":{"start":{"line":11,"column":18},"end":{"line":13,"column":3}},"line":11},"3":{"name":"(anonymous_3)","decl":{"start":{"line":17,"column":46},"end":{"line":17,"column":47}},"loc":{"start":{"line":18,"column":8},"end":{"line":45,"column":15}},"line":18}},"branchMap":{"0":{"loc":{"start":{"line":21,"column":35},"end":{"line":21,"column":63}},"type":"cond-expr","locations":[{"start":{"line":21,"column":43},"end":{"line":21,"column":52}},{"start":{"line":21,"column":55},"end":{"line":21,"column":63}}],"line":21}},"s":{"0":9,"1":7,"2":7,"3":19,"4":7,"5":7,"6":3,"7":7,"8":12},"f":{"0":7,"1":19,"2":3,"3":12},"b":{"0":[4,8]},"_coverageSchema":"1a1c01bbd47fc00a2c39e90264f33305004495a9","hash":"33a17660b1326033c3a3b873dee551b3e2b6f996"}
,"/home/erika/Documentos/Teste/recipe-app/src/components/SearchBar.js": {"path":"/home/erika/Documentos/Teste/recipe-app/src/components/SearchBar.js","statementMap":{"0":{"start":{"line":12,"column":17},"end":{"line":91,"column":1}},"1":{"start":{"line":13,"column":19},"end":{"line":13,"column":32}},"2":{"start":{"line":14,"column":18},"end":{"line":14,"column":30}},"3":{"start":{"line":15,"column":40},"end":{"line":15,"column":52}},"4":{"start":{"line":16,"column":40},"end":{"line":16,"column":52}},"5":{"start":{"line":17,"column":20},"end":{"line":28,"column":3}},"6":{"start":{"line":30,"column":23},"end":{"line":39,"column":3}},"7":{"start":{"line":31,"column":4},"end":{"line":31,"column":23}},"8":{"start":{"line":32,"column":4},"end":{"line":32,"column":36}},"9":{"start":{"line":33,"column":4},"end":{"line":35,"column":5}},"10":{"start":{"line":34,"column":6},"end":{"line":34,"column":58}},"11":{"start":{"line":36,"column":4},"end":{"line":38,"column":5}},"12":{"start":{"line":37,"column":6},"end":{"line":37,"column":59}},"13":{"start":{"line":41,"column":2},"end":{"line":90,"column":4}},"14":{"start":{"line":48,"column":46},"end":{"line":48,"column":67}},"15":{"start":{"line":57,"column":46},"end":{"line":57,"column":64}},"16":{"start":{"line":67,"column":46},"end":{"line":67,"column":64}},"17":{"start":{"line":77,"column":46},"end":{"line":77,"column":64}}},"fnMap":{"0":{"name":"(anonymous_0)","decl":{"start":{"line":12,"column":17},"end":{"line":12,"column":18}},"loc":{"start":{"line":12,"column":23},"end":{"line":91,"column":1}},"line":12},"1":{"name":"(anonymous_1)","decl":{"start":{"line":30,"column":23},"end":{"line":30,"column":24}},"loc":{"start":{"line":30,"column":30},"end":{"line":39,"column":3}},"line":30},"2":{"name":"(anonymous_2)","decl":{"start":{"line":48,"column":19},"end":{"line":48,"column":20}},"loc":{"start":{"line":48,"column":46},"end":{"line":48,"column":67}},"line":48},"3":{"name":"(anonymous_3)","decl":{"start":{"line":57,"column":22},"end":{"line":57,"column":23}},"loc":{"start":{"line":57,"column":46},"end":{"line":57,"column":64}},"line":57},"4":{"name":"(anonymous_4)","decl":{"start":{"line":67,"column":22},"end":{"line":67,"column":23}},"loc":{"start":{"line":67,"column":46},"end":{"line":67,"column":64}},"line":67},"5":{"name":"(anonymous_5)","decl":{"start":{"line":77,"column":22},"end":{"line":77,"column":23}},"loc":{"start":{"line":77,"column":46},"end":{"line":77,"column":64}},"line":77}},"branchMap":{"0":{"loc":{"start":{"line":33,"column":4},"end":{"line":35,"column":5}},"type":"if","locations":[{"start":{"line":33,"column":4},"end":{"line":35,"column":5}},{"start":{},"end":{}}],"line":33},"1":{"loc":{"start":{"line":36,"column":4},"end":{"line":38,"column":5}},"type":"if","locations":[{"start":{"line":36,"column":4},"end":{"line":38,"column":5}},{"start":{},"end":{}}],"line":36}},"s":{"0":9,"1":65,"2":65,"3":65,"4":65,"5":65,"6":65,"7":8,"8":8,"9":8,"10":8,"11":8,"12":0,"13":65,"14":40,"15":3,"16":3,"17":2},"f":{"0":65,"1":8,"2":40,"3":3,"4":3,"5":2},"b":{"0":[8,0],"1":[0,8]},"_coverageSchema":"1a1c01bbd47fc00a2c39e90264f33305004495a9","hash":"b5385d5d641b3a62b5935a367f456d4f6725b411"}
,"/home/erika/Documentos/Teste/recipe-app/src/components/SelectionFilter.js": {"path":"/home/erika/Documentos/Teste/recipe-app/src/components/SelectionFilter.js","statementMap":{"0":{"start":{"line":14,"column":13},"end":{"line":14,"column":14}},"1":{"start":{"line":16,"column":24},"end":{"line":109,"column":1}},"2":{"start":{"line":17,"column":18},"end":{"line":17,"column":30}},"3":{"start":{"line":18,"column":29},"end":{"line":18,"column":82}},"4":{"start":{"line":18,"column":52},"end":{"line":18,"column":81}},"5":{"start":{"line":19,"column":28},"end":{"line":19,"column":80}},"6":{"start":{"line":19,"column":51},"end":{"line":19,"column":79}},"7":{"start":{"line":20,"column":19},"end":{"line":20,"column":32}},"8":{"start":{"line":21,"column":42},"end":{"line":21,"column":54}},"9":{"start":{"line":23,"column":2},"end":{"line":32,"column":9}},"10":{"start":{"line":24,"column":18},"end":{"line":30,"column":5}},"11":{"start":{"line":25,"column":6},"end":{"line":29,"column":7}},"12":{"start":{"line":26,"column":8},"end":{"line":26,"column":46}},"13":{"start":{"line":28,"column":8},"end":{"line":28,"column":45}},"14":{"start":{"line":31,"column":4},"end":{"line":31,"column":12}},"15":{"start":{"line":34,"column":25},"end":{"line":34,"column":84}},"16":{"start":{"line":34,"column":55},"end":{"line":34,"column":68}},"17":{"start":{"line":35,"column":24},"end":{"line":35,"column":82}},"18":{"start":{"line":35,"column":53},"end":{"line":35,"column":66}},"19":{"start":{"line":37,"column":24},"end":{"line":43,"column":3}},"20":{"start":{"line":38,"column":4},"end":{"line":38,"column":37}},"21":{"start":{"line":39,"column":4},"end":{"line":41,"column":5}},"22":{"start":{"line":40,"column":6},"end":{"line":40,"column":40}},"23":{"start":{"line":42,"column":4},"end":{"line":42,"column":37}},"24":{"start":{"line":45,"column":23},"end":{"line":56,"column":3}},"25":{"start":{"line":46,"column":4},"end":{"line":46,"column":27}},"26":{"start":{"line":47,"column":4},"end":{"line":47,"column":37}},"27":{"start":{"line":48,"column":4},"end":{"line":52,"column":5}},"28":{"start":{"line":49,"column":6},"end":{"line":51,"column":40}},"29":{"start":{"line":53,"column":4},"end":{"line":55,"column":51}},"30":{"start":{"line":58,"column":2},"end":{"line":108,"column":4}},"31":{"start":{"line":75,"column":10},"end":{"line":87,"column":19}},"32":{"start":{"line":91,"column":10},"end":{"line":103,"column":19}}},"fnMap":{"0":{"name":"(anonymous_0)","decl":{"start":{"line":16,"column":24},"end":{"line":16,"column":25}},"loc":{"start":{"line":16,"column":30},"end":{"line":109,"column":1}},"line":16},"1":{"name":"(anonymous_1)","decl":{"start":{"line":18,"column":41},"end":{"line":18,"column":42}},"loc":{"start":{"line":18,"column":52},"end":{"line":18,"column":81}},"line":18},"2":{"name":"(anonymous_2)","decl":{"start":{"line":19,"column":40},"end":{"line":19,"column":41}},"loc":{"start":{"line":19,"column":51},"end":{"line":19,"column":79}},"line":19},"3":{"name":"(anonymous_3)","decl":{"start":{"line":23,"column":12},"end":{"line":23,"column":13}},"loc":{"start":{"line":23,"column":18},"end":{"line":32,"column":3}},"line":23},"4":{"name":"(anonymous_4)","decl":{"start":{"line":24,"column":18},"end":{"line":24,"column":19}},"loc":{"start":{"line":24,"column":24},"end":{"line":30,"column":5}},"line":24},"5":{"name":"(anonymous_5)","decl":{"start":{"line":34,"column":48},"end":{"line":34,"column":49}},"loc":{"start":{"line":34,"column":55},"end":{"line":34,"column":68}},"line":34},"6":{"name":"(anonymous_6)","decl":{"start":{"line":35,"column":46},"end":{"line":35,"column":47}},"loc":{"start":{"line":35,"column":53},"end":{"line":35,"column":66}},"line":35},"7":{"name":"(anonymous_7)","decl":{"start":{"line":37,"column":24},"end":{"line":37,"column":25}},"loc":{"start":{"line":37,"column":51},"end":{"line":43,"column":3}},"line":37},"8":{"name":"(anonymous_8)","decl":{"start":{"line":45,"column":23},"end":{"line":45,"column":24}},"loc":{"start":{"line":45,"column":50},"end":{"line":56,"column":3}},"line":45},"9":{"name":"(anonymous_9)","decl":{"start":{"line":73,"column":27},"end":{"line":73,"column":28}},"loc":{"start":{"line":75,"column":10},"end":{"line":87,"column":19}},"line":75},"10":{"name":"(anonymous_10)","decl":{"start":{"line":90,"column":26},"end":{"line":90,"column":27}},"loc":{"start":{"line":91,"column":10},"end":{"line":103,"column":19}},"line":91}},"branchMap":{"0":{"loc":{"start":{"line":25,"column":6},"end":{"line":29,"column":7}},"type":"if","locations":[{"start":{"line":25,"column":6},"end":{"line":29,"column":7}},{"start":{"line":27,"column":13},"end":{"line":29,"column":7}}],"line":25},"1":{"loc":{"start":{"line":39,"column":4},"end":{"line":41,"column":5}},"type":"if","locations":[{"start":{"line":39,"column":4},"end":{"line":41,"column":5}},{"start":{},"end":{}}],"line":39},"2":{"loc":{"start":{"line":48,"column":4},"end":{"line":52,"column":5}},"type":"if","locations":[{"start":{"line":48,"column":4},"end":{"line":52,"column":5}},{"start":{},"end":{}}],"line":48},"3":{"loc":{"start":{"line":49,"column":13},"end":{"line":51,"column":39}},"type":"cond-expr","locations":[{"start":{"line":50,"column":10},"end":{"line":50,"column":40}},{"start":{"line":51,"column":10},"end":{"line":51,"column":39}}],"line":49},"4":{"loc":{"start":{"line":53,"column":11},"end":{"line":55,"column":50}},"type":"cond-expr","locations":[{"start":{"line":54,"column":8},"end":{"line":54,"column":51}},{"start":{"line":55,"column":8},"end":{"line":55,"column":50}}],"line":53},"5":{"loc":{"start":{"line":72,"column":9},"end":{"line":105,"column":7}},"type":"cond-expr","locations":[{"start":{"line":73,"column":8},"end":{"line":88,"column":10}},{"start":{"line":90,"column":8},"end":{"line":104,"column":10}}],"line":72}},"s":{"0":9,"1":9,"2":91,"3":91,"4":152,"5":91,"6":152,"7":91,"8":91,"9":91,"10":34,"11":34,"12":0,"13":34,"14":34,"15":91,"16":0,"17":91,"18":756,"19":91,"20":1,"21":1,"22":0,"23":1,"24":91,"25":3,"26":3,"27":3,"28":1,"29":2,"30":91,"31":0,"32":270},"f":{"0":91,"1":152,"2":152,"3":34,"4":34,"5":0,"6":756,"7":1,"8":3,"9":0,"10":270},"b":{"0":[0,34],"1":[0,1],"2":[1,2],"3":[0,1],"4":[0,2],"5":[1,90]},"_coverageSchema":"1a1c01bbd47fc00a2c39e90264f33305004495a9","hash":"d0bef3e5d02739bc102986cc307dfd9053417345"}
,"/home/erika/Documentos/Teste/recipe-app/src/components/StartButton.js": {"path":"/home/erika/Documentos/Teste/recipe-app/src/components/StartButton.js","statementMap":{"0":{"start":{"line":6,"column":20},"end":{"line":47,"column":1}},"1":{"start":{"line":7,"column":18},"end":{"line":7,"column":30}},"2":{"start":{"line":8,"column":24},"end":{"line":8,"column":54}},"3":{"start":{"line":9,"column":30},"end":{"line":12,"column":4}},"4":{"start":{"line":13,"column":16},"end":{"line":14,"column":27}},"5":{"start":{"line":15,"column":31},"end":{"line":16,"column":39}},"6":{"start":{"line":15,"column":37},"end":{"line":16,"column":39}},"7":{"start":{"line":16,"column":22},"end":{"line":16,"column":38}},"8":{"start":{"line":18,"column":27},"end":{"line":23,"column":3}},"9":{"start":{"line":19,"column":4},"end":{"line":21,"column":5}},"10":{"start":{"line":20,"column":6},"end":{"line":20,"column":63}},"11":{"start":{"line":20,"column":42},"end":{"line":20,"column":61}},"12":{"start":{"line":22,"column":4},"end":{"line":22,"column":16}},"13":{"start":{"line":24,"column":2},"end":{"line":46,"column":4}},"14":{"start":{"line":33,"column":28},"end":{"line":33,"column":74}},"15":{"start":{"line":49,"column":0},"end":{"line":51,"column":13}}},"fnMap":{"0":{"name":"(anonymous_0)","decl":{"start":{"line":6,"column":20},"end":{"line":6,"column":21}},"loc":{"start":{"line":6,"column":32},"end":{"line":47,"column":1}},"line":6},"1":{"name":"(anonymous_1)","decl":{"start":{"line":15,"column":31},"end":{"line":15,"column":32}},"loc":{"start":{"line":15,"column":37},"end":{"line":16,"column":39}},"line":15},"2":{"name":"(anonymous_2)","decl":{"start":{"line":16,"column":10},"end":{"line":16,"column":11}},"loc":{"start":{"line":16,"column":22},"end":{"line":16,"column":38}},"line":16},"3":{"name":"(anonymous_3)","decl":{"start":{"line":18,"column":27},"end":{"line":18,"column":28}},"loc":{"start":{"line":18,"column":33},"end":{"line":23,"column":3}},"line":18},"4":{"name":"(anonymous_4)","decl":{"start":{"line":20,"column":30},"end":{"line":20,"column":31}},"loc":{"start":{"line":20,"column":42},"end":{"line":20,"column":61}},"line":20},"5":{"name":"(anonymous_5)","decl":{"start":{"line":33,"column":22},"end":{"line":33,"column":23}},"loc":{"start":{"line":33,"column":28},"end":{"line":33,"column":74}},"line":33}},"branchMap":{"0":{"loc":{"start":{"line":13,"column":16},"end":{"line":14,"column":27}},"type":"cond-expr","locations":[{"start":{"line":14,"column":6},"end":{"line":14,"column":17}},{"start":{"line":14,"column":20},"end":{"line":14,"column":27}}],"line":13},"1":{"loc":{"start":{"line":19,"column":4},"end":{"line":21,"column":5}},"type":"if","locations":[{"start":{"line":19,"column":4},"end":{"line":21,"column":5}},{"start":{},"end":{}}],"line":19},"2":{"loc":{"start":{"line":19,"column":8},"end":{"line":19,"column":60}},"type":"binary-expr","locations":[{"start":{"line":19,"column":8},"end":{"line":19,"column":33}},{"start":{"line":19,"column":37},"end":{"line":19,"column":60}}],"line":19},"3":{"loc":{"start":{"line":27,"column":8},"end":{"line":42,"column":9}},"type":"binary-expr","locations":[{"start":{"line":27,"column":8},"end":{"line":27,"column":26}},{"start":{"line":29,"column":10},"end":{"line":41,"column":19}}],"line":27},"4":{"loc":{"start":{"line":36,"column":14},"end":{"line":38,"column":32}},"type":"cond-expr","locations":[{"start":{"line":37,"column":18},"end":{"line":37,"column":35}},{"start":{"line":38,"column":18},"end":{"line":38,"column":32}}],"line":36}},"s":{"0":9,"1":30,"2":30,"3":30,"4":30,"5":30,"6":28,"7":4,"8":30,"9":30,"10":6,"11":6,"12":24,"13":30,"14":2,"15":9},"f":{"0":30,"1":28,"2":4,"3":30,"4":6,"5":2},"b":{"0":[8,22],"1":[6,24],"2":[30,8],"3":[30,28],"4":[2,26]},"_coverageSchema":"1a1c01bbd47fc00a2c39e90264f33305004495a9","hash":"ec5ab6d2d6b3a083e905bc3b4345dd6901f6600d"}
,"/home/erika/Documentos/Teste/recipe-app/src/components/Video.js": {"path":"/home/erika/Documentos/Teste/recipe-app/src/components/Video.js","statementMap":{"0":{"start":{"line":4,"column":14},"end":{"line":18,"column":1}},"1":{"start":{"line":5,"column":2},"end":{"line":16,"column":4}},"2":{"start":{"line":20,"column":0},"end":{"line":22,"column":2}}},"fnMap":{"0":{"name":"(anonymous_0)","decl":{"start":{"line":4,"column":14},"end":{"line":4,"column":15}},"loc":{"start":{"line":5,"column":2},"end":{"line":16,"column":4}},"line":5}},"branchMap":{},"s":{"0":9,"1":13,"2":9},"f":{"0":13},"b":{},"_coverageSchema":"1a1c01bbd47fc00a2c39e90264f33305004495a9","hash":"2c999c4db7612a22c260282df5effd9a2eba3d1c"}
,"/home/erika/Documentos/Teste/recipe-app/src/pages/DoneRecipes.js": {"path":"/home/erika/Documentos/Teste/recipe-app/src/pages/DoneRecipes.js","statementMap":{"0":{"start":{"line":7,"column":20},"end":{"line":15,"column":1}},"1":{"start":{"line":8,"column":2},"end":{"line":14,"column":8}},"2":{"start":{"line":17,"column":0},"end":{"line":21,"column":13}}},"fnMap":{"0":{"name":"(anonymous_0)","decl":{"start":{"line":7,"column":20},"end":{"line":7,"column":21}},"loc":{"start":{"line":8,"column":2},"end":{"line":14,"column":8}},"line":8}},"branchMap":{},"s":{"0":9,"1":4,"2":9},"f":{"0":4},"b":{},"_coverageSchema":"1a1c01bbd47fc00a2c39e90264f33305004495a9","hash":"11b6fe40642d986e9c5a24d774514751cd047b98"}
,"/home/erika/Documentos/Teste/recipe-app/src/pages/FavoriteRecipes.js": {"path":"/home/erika/Documentos/Teste/recipe-app/src/pages/FavoriteRecipes.js","statementMap":{"0":{"start":{"line":7,"column":24},"end":{"line":16,"column":1}},"1":{"start":{"line":8,"column":2},"end":{"line":15,"column":8}},"2":{"start":{"line":18,"column":0},"end":{"line":22,"column":13}}},"fnMap":{"0":{"name":"(anonymous_0)","decl":{"start":{"line":7,"column":24},"end":{"line":7,"column":25}},"loc":{"start":{"line":8,"column":2},"end":{"line":15,"column":8}},"line":8}},"branchMap":{},"s":{"0":10,"1":6,"2":10},"f":{"0":6},"b":{},"_coverageSchema":"1a1c01bbd47fc00a2c39e90264f33305004495a9","hash":"58fc35e55fdcab8fb62d1b6e819bc13045e868f8"}
,"/home/erika/Documentos/Teste/recipe-app/src/pages/Login.js": {"path":"/home/erika/Documentos/Teste/recipe-app/src/pages/Login.js","statementMap":{"0":{"start":{"line":4,"column":14},"end":{"line":19,"column":1}},"1":{"start":{"line":5,"column":2},"end":{"line":18,"column":8}}},"fnMap":{"0":{"name":"(anonymous_0)","decl":{"start":{"line":4,"column":14},"end":{"line":4,"column":15}},"loc":{"start":{"line":5,"column":2},"end":{"line":18,"column":8}},"line":5}},"branchMap":{},"s":{"0":9,"1":43},"f":{"0":43},"b":{},"_coverageSchema":"1a1c01bbd47fc00a2c39e90264f33305004495a9","hash":"01e8c54b3f180230919529f9f7529f3d4ba518e3"}
,"/home/erika/Documentos/Teste/recipe-app/src/pages/Profile.js": {"path":"/home/erika/Documentos/Teste/recipe-app/src/pages/Profile.js","statementMap":{"0":{"start":{"line":7,"column":16},"end":{"line":13,"column":1}},"1":{"start":{"line":8,"column":2},"end":{"line":12,"column":8}},"2":{"start":{"line":15,"column":0},"end":{"line":19,"column":13}}},"fnMap":{"0":{"name":"(anonymous_0)","decl":{"start":{"line":7,"column":16},"end":{"line":7,"column":17}},"loc":{"start":{"line":8,"column":2},"end":{"line":12,"column":8}},"line":8}},"branchMap":{},"s":{"0":9,"1":9,"2":9},"f":{"0":9},"b":{},"_coverageSchema":"1a1c01bbd47fc00a2c39e90264f33305004495a9","hash":"f5877fb99121a30b4cd11a5e59438d51567349f4"}
,"/home/erika/Documentos/Teste/recipe-app/src/pages/RecipeDetails.js": {"path":"/home/erika/Documentos/Teste/recipe-app/src/pages/RecipeDetails.js","statementMap":{"0":{"start":{"line":6,"column":22},"end":{"line":13,"column":1}},"1":{"start":{"line":7,"column":2},"end":{"line":12,"column":8}}},"fnMap":{"0":{"name":"(anonymous_0)","decl":{"start":{"line":6,"column":22},"end":{"line":6,"column":23}},"loc":{"start":{"line":7,"column":2},"end":{"line":12,"column":8}},"line":7}},"branchMap":{},"s":{"0":9,"1":12},"f":{"0":12},"b":{},"_coverageSchema":"1a1c01bbd47fc00a2c39e90264f33305004495a9","hash":"6ae3706c1c9bf634437605ed51d584febd68b830"}
,"/home/erika/Documentos/Teste/recipe-app/src/pages/RecipeInProgress.js": {"path":"/home/erika/Documentos/Teste/recipe-app/src/pages/RecipeInProgress.js","statementMap":{"0":{"start":{"line":6,"column":25},"end":{"line":13,"column":1}},"1":{"start":{"line":7,"column":2},"end":{"line":12,"column":8}}},"fnMap":{"0":{"name":"(anonymous_0)","decl":{"start":{"line":6,"column":25},"end":{"line":6,"column":26}},"loc":{"start":{"line":7,"column":2},"end":{"line":12,"column":8}},"line":7}},"branchMap":{},"s":{"0":9,"1":5},"f":{"0":5},"b":{},"_coverageSchema":"1a1c01bbd47fc00a2c39e90264f33305004495a9","hash":"662a10829aa9a8110124c878c56ade25d91eaa57"}
,"/home/erika/Documentos/Teste/recipe-app/src/pages/Recipes.js": {"path":"/home/erika/Documentos/Teste/recipe-app/src/pages/Recipes.js","statementMap":{"0":{"start":{"line":6,"column":16},"end":{"line":13,"column":1}},"1":{"start":{"line":7,"column":2},"end":{"line":12,"column":8}}},"fnMap":{"0":{"name":"(anonymous_0)","decl":{"start":{"line":6,"column":16},"end":{"line":6,"column":17}},"loc":{"start":{"line":7,"column":2},"end":{"line":12,"column":8}},"line":7}},"branchMap":{},"s":{"0":9,"1":42},"f":{"0":42},"b":{},"_coverageSchema":"1a1c01bbd47fc00a2c39e90264f33305004495a9","hash":"5bbd40d2bf3567efc64f71339269655e2659c3a4"}
[...]
9":{"start":{"line":47,"column":2},"end":{"line":52,"column":3}},"30":{"start":{"line":48,"column":17},"end":{"line":48,"column":52}},"31":{"start":{"line":49,"column":4},"end":{"line":49,"column":49}},"32":{"start":{"line":51,"column":4},"end":{"line":51,"column":35}},"33":{"start":{"line":55,"column":43},"end":{"line":62,"column":1}},"34":{"start":{"line":55,"column":59},"end":{"line":62,"column":1}},"35":{"start":{"line":56,"column":2},"end":{"line":61,"column":3}},"36":{"start":{"line":57,"column":17},"end":{"line":57,"column":55}},"37":{"start":{"line":58,"column":4},"end":{"line":58,"column":49}},"38":{"start":{"line":60,"column":4},"end":{"line":60,"column":20}},"39":{"start":{"line":64,"column":41},"end":{"line":68,"column":1}},"40":{"start":{"line":64,"column":55},"end":{"line":68,"column":1}},"41":{"start":{"line":65,"column":15},"end":{"line":65,"column":49}},"42":{"start":{"line":67,"column":2},"end":{"line":67,"column":47}},"43":{"start":{"line":70,"column":40},"end":{"line":73,"column":1}},"44":{"start":{"line":70,"column":46},"end":{"line":73,"column":1}},"45":{"start":{"line":71,"column":15},"end":{"line":71,"column":39}},"46":{"start":{"line":72,"column":2},"end":{"line":72,"column":55}},"47":{"start":{"line":75,"column":37},"end":{"line":82,"column":1}},"48":{"start":{"line":75,"column":45},"end":{"line":82,"column":1}},"49":{"start":{"line":76,"column":2},"end":{"line":81,"column":3}},"50":{"start":{"line":77,"column":17},"end":{"line":77,"column":41}},"51":{"start":{"line":78,"column":4},"end":{"line":78,"column":55}},"52":{"start":{"line":80,"column":4},"end":{"line":80,"column":20}},"53":{"start":{"line":86,"column":32},"end":{"line":97,"column":1}},"54":{"start":{"line":86,"column":40},"end":{"line":97,"column":1}},"55":{"start":{"line":87,"column":2},"end":{"line":96,"column":3}},"56":{"start":{"line":88,"column":17},"end":{"line":88,"column":36}},"57":{"start":{"line":89,"column":4},"end":{"line":93,"column":5}},"58":{"start":{"line":90,"column":6},"end":{"line":90,"column":52}},"59":{"start":{"line":92,"column":6},"end":{"line":92,"column":22}},"60":{"start":{"line":95,"column":4},"end":{"line":95,"column":20}},"61":{"start":{"line":99,"column":44},"end":{"line":106,"column":1}},"62":{"start":{"line":99,"column":60},"end":{"line":106,"column":1}},"63":{"start":{"line":100,"column":2},"end":{"line":105,"column":3}},"64":{"start":{"line":101,"column":17},"end":{"line":101,"column":56}},"65":{"start":{"line":102,"column":4},"end":{"line":102,"column":50}},"66":{"start":{"line":104,"column":4},"end":{"line":104,"column":20}},"67":{"start":{"line":108,"column":42},"end":{"line":111,"column":1}},"68":{"start":{"line":108,"column":56},"end":{"line":111,"column":1}},"69":{"start":{"line":109,"column":15},"end":{"line":109,"column":50}},"70":{"start":{"line":110,"column":2},"end":{"line":110,"column":48}},"71":{"start":{"line":113,"column":45},"end":{"line":121,"column":1}},"72":{"start":{"line":113,"column":57},"end":{"line":121,"column":1}},"73":{"start":{"line":114,"column":2},"end":{"line":120,"column":3}},"74":{"start":{"line":115,"column":17},"end":{"line":115,"column":53}},"75":{"start":{"line":117,"column":4},"end":{"line":117,"column":50}},"76":{"start":{"line":119,"column":4},"end":{"line":119,"column":35}},"77":{"start":{"line":123,"column":41},"end":{"line":126,"column":1}},"78":{"start":{"line":123,"column":47},"end":{"line":126,"column":1}},"79":{"start":{"line":124,"column":15},"end":{"line":124,"column":40}},"80":{"start":{"line":125,"column":2},"end":{"line":125,"column":57}},"81":{"start":{"line":128,"column":38},"end":{"line":131,"column":1}},"82":{"start":{"line":128,"column":46},"end":{"line":131,"column":1}},"83":{"start":{"line":129,"column":15},"end":{"line":129,"column":40}},"84":{"start":{"line":130,"column":2},"end":{"line":130,"column":54}}},"fnMap":{"0":{"name":"(anonymous_0)","decl":{"start":{"line":13,"column":22},"end":{"line":13,"column":23}},"loc":{"start":{"line":13,"column":28},"end":{"line":15,"column":1}},"line":13},"1":{"name":"(anonymous_1)","decl":{"start":{"line":29,"column":32},"end":{"line":29,"column":33}},"loc":{"start":{"line":29,"column":46},"end":{"line":29,"column":84}},"line":29},"2":{"name":"(anonymous_2)","decl":{"start":{"line":30,"column":38},"end":{"line":30,"column":39}},"loc":{"start":{"line":31,"column":2},"end":{"line":31,"column":43}},"line":31},"3":{"name":"(anonymous_3)","decl":{"start":{"line":32,"column":30},"end":{"line":32,"column":31}},"loc":{"start":{"line":32,"column":44},"end":{"line":32,"column":77}},"line":32},"4":{"name":"(anonymous_4)","decl":{"start":{"line":33,"column":31},"end":{"line":33,"column":32}},"loc":{"start":{"line":33,"column":45},"end":{"line":33,"column":79}},"line":33},"5":{"name":"(anonymous_5)","decl":{"start":{"line":37,"column":31},"end":{"line":37,"column":32}},"loc":{"start":{"line":37,"column":39},"end":{"line":44,"column":1}},"line":37},"6":{"name":"(anonymous_6)","decl":{"start":{"line":37,"column":39},"end":{"line":37,"column":40}},"loc":{"start":{"line":37,"column":59},"end":{"line":44,"column":1}},"line":37},"7":{"name":"(anonymous_7)","decl":{"start":{"line":46,"column":44},"end":{"line":46,"column":45}},"loc":{"start":{"line":46,"column":56},"end":{"line":53,"column":1}},"line":46},"8":{"name":"(anonymous_8)","decl":{"start":{"line":46,"column":56},"end":{"line":46,"column":57}},"loc":{"start":{"line":46,"column":76},"end":{"line":53,"column":1}},"line":46},"9":{"name":"(anonymous_9)","decl":{"start":{"line":55,"column":43},"end":{"line":55,"column":44}},"loc":{"start":{"line":55,"column":59},"end":{"line":62,"column":1}},"line":55},"10":{"name":"(anonymous_10)","decl":{"start":{"line":55,"column":59},"end":{"line":55,"column":60}},"loc":{"start":{"line":55,"column":79},"end":{"line":62,"column":1}},"line":55},"11":{"name":"(anonymous_11)","decl":{"start":{"line":64,"column":41},"end":{"line":64,"column":42}},"loc":{"start":{"line":64,"column":55},"end":{"line":68,"column":1}},"line":64},"12":{"name":"(anonymous_12)","decl":{"start":{"line":64,"column":55},"end":{"line":64,"column":56}},"loc":{"start":{"line":64,"column":75},"end":{"line":68,"column":1}},"line":64},"13":{"name":"(anonymous_13)","decl":{"start":{"line":70,"column":40},"end":{"line":70,"column":41}},"loc":{"start":{"line":70,"column":46},"end":{"line":73,"column":1}},"line":70},"14":{"name":"(anonymous_14)","decl":{"start":{"line":70,"column":46},"end":{"line":70,"column":47}},"loc":{"start":{"line":70,"column":66},"end":{"line":73,"column":1}},"line":70},"15":{"name":"(anonymous_15)","decl":{"start":{"line":75,"column":37},"end":{"line":75,"column":38}},"loc":{"start":{"line":75,"column":45},"end":{"line":82,"column":1}},"line":75},"16":{"name":"(anonymous_16)","decl":{"start":{"line":75,"column":45},"end":{"line":75,"column":46}},"loc":{"start":{"line":75,"column":65},"end":{"line":82,"column":1}},"line":75},"17":{"name":"(anonymous_17)","decl":{"start":{"line":86,"column":32},"end":{"line":86,"column":33}},"loc":{"start":{"line":86,"column":40},"end":{"line":97,"column":1}},"line":86},"18":{"name":"(anonymous_18)","decl":{"start":{"line":86,"column":40},"end":{"line":86,"column":41}},"loc":{"start":{"line":86,"column":60},"end":{"line":97,"column":1}},"line":86},"19":{"name":"(anonymous_19)","decl":{"start":{"line":99,"column":44},"end":{"line":99,"column":45}},"loc":{"start":{"line":99,"column":60},"end":{"line":106,"column":1}},"line":99},"20":{"name":"(anonymous_20)","decl":{"start":{"line":99,"column":60},"end":{"line":99,"column":61}},"loc":{"start":{"line":99,"column":80},"end":{"line":106,"column":1}},"line":99},"21":{"name":"(anonymous_21)","decl":{"start":{"line":108,"column":42},"end":{"line":108,"column":43}},"loc":{"start":{"line":108,"column":56},"end":{"line":111,"column":1}},"line":108},"22":{"name":"(anonymous_22)","decl":{"start":{"line":108,"column":56},"end":{"line":108,"column":57}},"loc":{"start":{"line":108,"column":76},"end":{"line":111,"column":1}},"line":108},"23":{"name":"(anonymous_23)","decl":{"start":{"line":113,"column":45},"end":{"line":113,"column":46}},"loc":{"start":{"line":113,"column":57},"end":{"line":121,"column":1}},"line":113},"24":{"name":"(anonymous_24)","decl":{"start":{"line":113,"column":57},"end":{"line":113,"column":58}},"loc":{"start":{"line":113,"column":77},"end":{"line":121,"column":1}},"line":113},"25":{"name":"(anonymous_25)","decl":{"start":{"line":123,"column":41},"end":{"line":123,"column":42}},"loc":{"start":{"line":123,"column":47},"end":{"line":126,"column":1}},"line":123},"26":{"name":"(anonymous_26)","decl":{"start":{"line":123,"column":47},"end":{"line":123,"column":48}},"loc":{"start":{"line":123,"column":67},"end":{"line":126,"column":1}},"line":123},"27":{"name":"(anonymous_27)","decl":{"start":{"line":128,"column":38},"end":{"line":128,"column":39}},"loc":{"start":{"line":128,"column":46},"end":{"line":131,"column":1}},"line":128},"28":{"name":"(anonymous_28)","decl":{"start":{"line":128,"column":46},"end":{"line":128,"column":47}},"loc":{"start":{"line":128,"column":66},"end":{"line":131,"column":1}},"line":128}},"branchMap":{"0":{"loc":{"start":{"line":39,"column":2},"end":{"line":43,"column":3}},"type":"if","locations":[{"start":{"line":39,"column":2},"end":{"line":43,"column":3}},{"start":{"line":41,"column":9},"end":{"line":43,"column":3}}],"line":39},"1":{"loc":{"start":{"line":89,"column":4},"end":{"line":93,"column":5}},"type":"if","locations":[{"start":{"line":89,"column":4},"end":{"line":93,"column":5}},{"start":{"line":91,"column":11},"end":{"line":93,"column":5}}],"line":89}},"s":{"0":10,"1":4,"2":10,"3":10,"4":10,"5":10,"6":10,"7":10,"8":10,"9":10,"10":10,"11":10,"12":10,"13":10,"14":9,"15":10,"16":54,"17":10,"18":6,"19":10,"20":12,"21":10,"22":41,"23":41,"24":26,"25":25,"26":1,"27":10,"28":2,"29":2,"30":2,"31":0,"32":2,"33":10,"34":3,"35":3,"36":3,"37":2,"38":1,"39":10,"40":2,"41":2,"42":2,"43":10,"44":34,"45":34,"46":19,"47":10,"48":12,"49":12,"50":12,"51":5,"52":1,"53":10,"54":10,"55":10,"56":10,"57":4,"58":4,"59":0,"60":1,"61":10,"62":0,"63":0,"64":0,"65":0,"66":0,"67":10,"68":0,"69":0,"70":0,"71":10,"72":0,"73":0,"74":0,"75":0,"76":0,"77":10,"78":0,"79":0,"80":0,"81":10,"82":4,"83":4,"84":2},"f":{"0":4,"1":9,"2":54,"3":6,"4":12,"5":41,"6":41,"7":2,"8":2,"9":3,"10":3,"11":2,"12":2,"13":34,"14":34,"15":12,"16":12,"17":10,"18":10,"19":0,"20":0,"21":0,"22":0,"23":0,"24":0,"25":0,"26":0,"27":4,"28":4},"b":{"0":[25,1],"1":[4,0]},"_coverageSchema":"1a1c01bbd47fc00a2c39e90264f33305004495a9","hash":"e768df71fd69d0bbdf768fc2723e83f6ff6b6321"}
,"/home/erika/Documentos/Teste/recipe-app/src/redux/reducers/index.js": {"path":"/home/erika/Documentos/Teste/recipe-app/src/redux/reducers/index.js","statementMap":{"0":{"start":{"line":4,"column":20},"end":{"line":4,"column":48}}},"fnMap":{},"branchMap":{},"s":{"0":10},"f":{},"b":{},"_coverageSchema":"1a1c01bbd47fc00a2c39e90264f33305004495a9","hash":"8b8ddaad3289403b29e03b9eb80f004ec3a426d8"}
,"/home/erika/Documentos/Teste/recipe-app/src/redux/reducers/reducer.js": {"path":"/home/erika/Documentos/Teste/recipe-app/src/redux/reducers/reducer.js","statementMap":{"0":{"start":{"line":13,"column":22},"end":{"line":24,"column":1}},"1":{"start":{"line":26,"column":16},"end":{"line":75,"column":1}},"2":{"start":{"line":27,"column":2},"end":{"line":74,"column":3}},"3":{"start":{"line":29,"column":4},"end":{"line":32,"column":6}},"4":{"start":{"line":34,"column":4},"end":{"line":37,"column":6}},"5":{"start":{"line":39,"column":4},"end":{"line":42,"column":6}},"6":{"start":{"line":44,"column":4},"end":{"line":47,"column":6}},"7":{"start":{"line":49,"column":4},"end":{"line":52,"column":6}},"8":{"start":{"line":54,"column":4},"end":{"line":57,"column":6}},"9":{"start":{"line":59,"column":4},"end":{"line":62,"column":6}},"10":{"start":{"line":64,"column":4},"end":{"line":67,"column":6}},"11":{"start":{"line":69,"column":4},"end":{"line":69,"column":52}},"12":{"start":{"line":71,"column":4},"end":{"line":71,"column":56}},"13":{"start":{"line":73,"column":4},"end":{"line":73,"column":17}}},"fnMap":{"0":{"name":"(anonymous_0)","decl":{"start":{"line":26,"column":16},"end":{"line":26,"column":17}},"loc":{"start":{"line":26,"column":51},"end":{"line":75,"column":1}},"line":26}},"branchMap":{"0":{"loc":{"start":{"line":26,"column":17},"end":{"line":26,"column":38}},"type":"default-arg","locations":[{"start":{"line":26,"column":25},"end":{"line":26,"column":38}}],"line":26},"1":{"loc":{"start":{"line":27,"column":2},"end":{"line":74,"column":3}},"type":"switch","locations":[{"start":{"line":28,"column":2},"end":{"line":32,"column":6}},{"start":{"line":33,"column":2},"end":{"line":37,"column":6}},{"start":{"line":38,"column":2},"end":{"line":42,"column":6}},{"start":{"line":43,"column":2},"end":{"line":47,"column":6}},{"start":{"line":48,"column":2},"end":{"line":52,"column":6}},{"start":{"line":53,"column":2},"end":{"line":57,"column":6}},{"start":{"line":58,"column":2},"end":{"line":62,"column":6}},{"start":{"line":63,"column":2},"end":{"line":67,"column":6}},{"start":{"line":68,"column":2},"end":{"line":69,"column":52}},{"start":{"line":70,"column":2},"end":{"line":71,"column":56}},{"start":{"line":72,"column":2},"end":{"line":73,"column":17}}],"line":27}},"s":{"0":10,"1":10,"2":205,"3":29,"4":19,"5":5,"6":4,"7":0,"8":2,"9":9,"10":54,"11":6,"12":12,"13":65},"f":{"0":205},"b":{"0":[65],"1":[29,19,5,4,0,2,9,54,6,12,65]},"_coverageSchema":"1a1c01bbd47fc00a2c39e90264f33305004495a9","hash":"467a8463ca13dfb92e50ef5210b2f8ab73ebe21f"}
,"/home/erika/Documentos/Teste/recipe-app/src/redux/store/index.js": {"path":"/home/erika/Documentos/Teste/recipe-app/src/redux/store/index.js","statementMap":{"0":{"start":{"line":6,"column":14},"end":{"line":6,"column":83}}},"fnMap":{},"branchMap":{},"s":{"0":0},"f":{},"b":{}}
,"/home/erika/Documentos/Teste/recipe-app/src/services/drinksAPI.js": {"path":"/home/erika/Documentos/Teste/recipe-app/src/services/drinksAPI.js","statementMap":{"0":{"start":{"line":4,"column":25},"end":{"line":7,"column":1}},"1":{"start":{"line":5,"column":19},"end":{"line":5,"column":98}},"2":{"start":{"line":6,"column":2},"end":{"line":6,"column":25}},"3":{"start":{"line":12,"column":38},"end":{"line":19,"column":1}},"4":{"start":{"line":14,"column":2},"end":{"line":16,"column":3}},"5":{"start":{"line":15,"column":4},"end":{"line":15,"column":72}},"6":{"start":{"line":17,"column":19},"end":{"line":17,"column":100}},"7":{"start":{"line":18,"column":2},"end":{"line":18,"column":25}},"8":{"start":{"line":24,"column":37},"end":{"line":27,"column":1}},"9":{"start":{"line":25,"column":19},"end":{"line":25,"column":104}},"10":{"start":{"line":26,"column":2},"end":{"line":26,"column":25}},"11":{"start":{"line":32,"column":35},"end":{"line":36,"column":1}},"12":{"start":{"line":33,"column":19},"end":{"line":33,"column":102}},"13":{"start":{"line":34,"column":15},"end":{"line":34,"column":36}},"14":{"start":{"line":35,"column":2},"end":{"line":35,"column":14}},"15":{"start":{"line":41,"column":33},"end":{"line":44,"column":1}},"16":{"start":{"line":42,"column":19},"end":{"line":42,"column":93}},"17":{"start":{"line":43,"column":2},"end":{"line":43,"column":25}},"18":{"start":{"line":49,"column":31},"end":{"line":52,"column":1}},"19":{"start":{"line":50,"column":19},"end":{"line":50,"column":96}},"20":{"start":{"line":51,"column":2},"end":{"line":51,"column":25}}},"fnMap":{"0":{"name":"(anonymous_0)","decl":{"start":{"line":4,"column":25},"end":{"line":4,"column":26}},"loc":{"start":{"line":4,"column":41},"end":{"line":7,"column":1}},"line":4},"1":{"name":"(anonymous_1)","decl":{"start":{"line":12,"column":38},"end":{"line":12,"column":39}},"loc":{"start":{"line":12,"column":56},"end":{"line":19,"column":1}},"line":12},"2":{"name":"(anonymous_2)","decl":{"start":{"line":24,"column":37},"end":{"line":24,"column":38}},"loc":{"start":{"line":24,"column":59},"end":{"line":27,"column":1}},"line":24},"3":{"name":"(anonymous_3)","decl":{"start":{"line":32,"column":35},"end":{"line":32,"column":36}},"loc":{"start":{"line":32,"column":55},"end":{"line":36,"column":1}},"line":32},"4":{"name":"(anonymous_4)","decl":{"start":{"line":41,"column":33},"end":{"line":41,"column":34}},"loc":{"start":{"line":41,"column":45},"end":{"line":44,"column":1}},"line":41},"5":{"name":"(anonymous_5)","decl":{"start":{"line":49,"column":31},"end":{"line":49,"column":32}},"loc":{"start":{"line":49,"column":45},"end":{"line":52,"column":1}},"line":49}},"branchMap":{"0":{"loc":{"start":{"line":14,"column":2},"end":{"line":16,"column":3}},"type":"if","locations":[{"start":{"line":14,"column":2},"end":{"line":16,"column":3}},{"start":{},"end":{}}],"line":14}},"s":{"0":10,"1":10,"2":5,"3":10,"4":0,"5":0,"6":0,"7":0,"8":10,"9":0,"10":0,"11":10,"12":0,"13":0,"14":0,"15":10,"16":0,"17":0,"18":10,"19":4,"20":2},"f":{"0":10,"1":0,"2":0,"3":0,"4":0,"5":4},"b":{"0":[0,0]},"_coverageSchema":"1a1c01bbd47fc00a2c39e90264f33305004495a9","hash":"fa5f5b89176ca4decbceb110e961dd3e9233aa3f"}
,"/home/erika/Documentos/Teste/recipe-app/src/services/foodsAPI.js": {"path":"/home/erika/Documentos/Teste/recipe-app/src/services/foodsAPI.js","statementMap":{"0":{"start":{"line":4,"column":24},"end":{"line":7,"column":1}},"1":{"start":{"line":5,"column":19},"end":{"line":5,"column":94}},"2":{"start":{"line":6,"column":2},"end":{"line":6,"column":25}},"3":{"start":{"line":12,"column":37},"end":{"line":19,"column":1}},"4":{"start":{"line":17,"column":19},"end":{"line":17,"column":96}},"5":{"start":{"line":18,"column":2},"end":{"line":18,"column":25}},"6":{"start":{"line":24,"column":36},"end":{"line":27,"column":1}},"7":{"start":{"line":25,"column":19},"end":{"line":25,"column":100}},"8":{"start":{"line":26,"column":2},"end":{"line":26,"column":25}},"9":{"start":{"line":32,"column":34},"end":{"line":35,"column":1}},"10":{"start":{"line":33,"column":19},"end":{"line":33,"column":98}},"11":{"start":{"line":34,"column":2},"end":{"line":34,"column":25}},"12":{"start":{"line":40,"column":32},"end":{"line":43,"column":1}},"13":{"start":{"line":41,"column":19},"end":{"line":41,"column":89}},"14":{"start":{"line":42,"column":2},"end":{"line":42,"column":25}},"15":{"start":{"line":48,"column":30},"end":{"line":51,"column":1}},"16":{"start":{"line":49,"column":19},"end":{"line":49,"column":92}},"17":{"start":{"line":50,"column":2},"end":{"line":50,"column":25}}},"fnMap":{"0":{"name":"(anonymous_0)","decl":{"start":{"line":4,"column":24},"end":{"line":4,"column":25}},"loc":{"start":{"line":4,"column":45},"end":{"line":7,"column":1}},"line":4},"1":{"name":"(anonymous_1)","decl":{"start":{"line":12,"column":37},"end":{"line":12,"column":38}},"loc":{"start":{"line":12,"column":55},"end":{"line":19,"column":1}},"line":12},"2":{"name":"(anonymous_2)","decl":{"start":{"line":24,"column":36},"end":{"line":24,"column":37}},"loc":{"start":{"line":24,"column":58},"end":{"line":27,"column":1}},"line":24},"3":{"name":"(anonymous_3)","decl":{"start":{"line":32,"column":34},"end":{"line":32,"column":35}},"loc":{"start":{"line":32,"column":54},"end":{"line":35,"column":1}},"line":32},"4":{"name":"(anonymous_4)","decl":{"start":{"line":40,"column":32},"end":{"line":40,"column":33}},"loc":{"start":{"line":40,"column":44},"end":{"line":43,"column":1}},"line":40},"5":{"name":"(anonymous_5)","decl":{"start":{"line":48,"column":30},"end":{"line":48,"column":31}},"loc":{"start":{"line":48,"column":44},"end":{"line":51,"column":1}},"line":48}},"branchMap":{"0":{"loc":{"start":{"line":4,"column":31},"end":{"line":4,"column":40}},"type":"default-arg","locations":[{"start":{"line":4,"column":38},"end":{"line":4,"column":40}}],"line":4}},"s":{"0":10,"1":41,"2":26,"3":10,"4":2,"5":2,"6":10,"7":3,"8":3,"9":10,"10":2,"11":2,"12":10,"13":34,"14":19,"15":10,"16":12,"17":7},"f":{"0":41,"1":2,"2":3,"3":2,"4":34,"5":12},"b":{"0":[33]},"_coverageSchema":"1a1c01bbd47fc00a2c39e90264f33305004495a9","hash":"70fca3697e5f72b54c1830a6d9bc0ae4edd0fa8f"}
}
