TN:
SF:src/App.js
FN:13,App
FNF:1
FNH:1
FNDA:49,App
DA:14,49
LF:1
LH:1
BRF:0
BRH:0
end_of_record
TN:
SF:src/components/Cover.js
FN:11,(anonymous_0)
FN:12,(anonymous_1)
FN:13,(anonymous_2)
FN:25,(anonymous_3)
FN:29,(anonymous_4)
FN:35,(anonymous_5)
FN:37,(anonymous_6)
FN:54,(anonymous_7)
FN:56,(anonymous_8)
FN:74,(anonymous_9)
FN:108,(anonymous_10)
FN:121,(anonymous_11)
FN:154,(anonymous_12)
FNF:13
FNH:13
FNDA:29,(anonymous_0)
FNDA:66,(anonymous_1)
FNDA:66,(anonymous_2)
FNDA:2,(anonymous_3)
FNDA:2,(anonymous_4)
FNDA:2,(anonymous_5)
FNDA:1,(anonymous_6)
FNDA:2,(anonymous_7)
FNDA:1,(anonymous_8)
FNDA:8,(anonymous_9)
FNDA:1,(anonymous_10)
FNDA:21,(anonymous_11)
FNDA:1,(anonymous_12)
DA:11,9
DA:12,66
DA:13,66
DA:14,29
DA:16,29
DA:21,29
DA:23,29
DA:24,29
DA:25,29
DA:27,29
DA:29,29
DA:30,2
DA:32,2
DA:35,29
DA:36,2
DA:37,1
DA:39,1
DA:54,29
DA:55,2
DA:56,1
DA:58,1
DA:72,29
DA:74,29
DA:75,8
DA:108,1
DA:121,29
DA:122,21
DA:154,1
DA:166,29
DA:169,9
LF:30
LH:30
BRDA:36,0,0,1
BRDA:36,0,1,1
BRDA:55,1,0,1
BRDA:55,1,1,1
BRDA:78,2,0,6
BRDA:78,2,1,2
BRDA:91,3,0,8
BRDA:91,3,1,6
BRDA:94,4,0,8
BRDA:94,4,1,6
BRDA:104,5,0,8
BRDA:104,5,1,0
BRDA:108,6,0,1
BRDA:108,6,1,7
BRDA:124,7,0,17
BRDA:124,7,1,4
BRDA:137,8,0,21
BRDA:137,8,1,17
BRDA:140,9,0,21
BRDA:140,9,1,17
BRDA:150,10,0,21
BRDA:150,10,1,0
BRDA:154,11,0,1
BRDA:154,11,1,20
BRDA:166,12,0,8
BRDA:166,12,1,21
BRF:26
BRH:24
end_of_record
TN:
SF:src/components/DoneRecipesCard.js
FN:8,(anonymous_0)
FN:9,(anonymous_1)
FN:15,(anonymous_2)
FN:26,(anonymous_3)
FN:27,(anonymous_4)
FN:85,(anonymous_5)
FNF:6
FNH:4
FNDA:12,(anonymous_0)
FNDA:14,(anonymous_1)
FNDA:0,(anonymous_2)
FNDA:9,(anonymous_3)
FNDA:8,(anonymous_4)
FNDA:0,(anonymous_5)
DA:8,9
DA:9,14
DA:11,11
DA:13,11
DA:15,11
DA:16,0
DA:17,0
DA:18,0
DA:19,0
DA:20,0
DA:23,11
DA:26,9
DA:28,8
DA:85,0
LF:14
LH:8
BRDA:16,0,0,0
BRDA:16,0,1,0
BRDA:30,1,0,8
BRDA:30,1,1,0
BRDA:57,2,0,8
BRDA:57,2,1,0
BRDA:81,3,0,0
BRDA:81,3,1,8
BRDA:95,4,0,8
BRDA:95,4,1,0
BRF:10
BRH:4
end_of_record
TN:
SF:src/components/DoneRecipesFilter.js
FN:5,(anonymous_0)
FN:7,(anonymous_1)
FNF:2
FNH:2
FNDA:10,(anonymous_0)
FNDA:6,(anonymous_1)
DA:5,10
DA:6,10
DA:7,10
DA:8,6
DA:10,10
LF:5
LH:5
BRF:0
BRH:0
end_of_record
TN:
SF:src/components/DrinkDetails.js
FN:12,(anonymous_0)
FN:16,(anonymous_1)
FN:18,(anonymous_2)
FN:21,(anonymous_3)
FN:24,(anonymous_4)
FNF:5
FNH:5
FNDA:5,(anonymous_0)
FNDA:17,(anonymous_1)
FNDA:102,(anonymous_2)
FNDA:102,(anonymous_3)
FNDA:3,(anonymous_4)
DA:12,9
DA:13,5
DA:14,5
DA:15,5
DA:16,17
DA:17,5
DA:18,102
DA:20,5
DA:21,102
DA:24,5
DA:25,3
DA:28,5
LF:12
LH:12
BRDA:17,0,0,2
BRDA:17,0,1,3
BRDA:18,1,0,102
BRDA:18,1,1,30
BRDA:20,2,0,2
BRDA:20,2,1,3
BRDA:30,3,0,5
BRDA:30,3,1,2
BRF:8
BRH:8
end_of_record
TN:
SF:src/components/DrinkInProgress.js
FN:11,(anonymous_0)
FN:15,(anonymous_1)
FN:17,(anonymous_2)
FN:20,(anonymous_3)
FN:23,(anonymous_4)
FNF:5
FNH:3
FNDA:1,(anonymous_0)
FNDA:3,(anonymous_1)
FNDA:0,(anonymous_2)
FNDA:0,(anonymous_3)
FNDA:1,(anonymous_4)
DA:11,9
DA:12,1
DA:13,1
DA:14,1
DA:15,3
DA:16,1
DA:17,0
DA:19,1
DA:20,0
DA:23,1
DA:24,1
DA:26,1
LF:12
LH:10
BRDA:16,0,0,0
BRDA:16,0,1,1
BRDA:17,1,0,0
BRDA:17,1,1,0
BRDA:19,2,0,0
BRDA:19,2,1,1
BRF:6
BRH:2
end_of_record
TN:
SF:src/components/Drinks.js
FN:13,(anonymous_0)
FN:17,(anonymous_1)
FN:18,(anonymous_2)
FN:20,(anonymous_3)
FN:37,(anonymous_4)
FNF:5
FNH:4
FNDA:1,(anonymous_0)
FNDA:1,(anonymous_1)
FNDA:1,(anonymous_2)
FNDA:1,(anonymous_3)
FNDA:0,(anonymous_4)
DA:13,9
DA:14,1
DA:15,1
DA:16,1
DA:17,1
DA:18,1
DA:20,1
DA:21,1
DA:23,1
DA:38,0
DA:56,9
LF:11
LH:10
BRDA:27,0,0,1
BRDA:27,0,1,0
BRDA:31,1,0,1
BRDA:31,1,1,1
BRDA:34,2,0,0
BRDA:34,2,1,1
BRF:6
BRH:4
end_of_record
TN:
SF:src/components/FavoriteRecipeCard.js
FN:9,(anonymous_0)
FN:10,(anonymous_1)
FN:15,(anonymous_2)
FN:16,(anonymous_3)
FN:17,(anonymous_4)
FN:21,(anonymous_5)
FN:32,(anonymous_6)
FN:33,(anonymous_7)
FN:94,(anonymous_8)
FN:105,(anonymous_9)
FNF:10
FNH:8
FNDA:17,(anonymous_0)
FNDA:19,(anonymous_1)
FNDA:1,(anonymous_2)
FNDA:1,(anonymous_3)
FNDA:2,(anonymous_4)
FNDA:0,(anonymous_5)
FNDA:23,(anonymous_6)
FNDA:21,(anonymous_7)
FNDA:0,(anonymous_8)
FNDA:1,(anonymous_9)
DA:9,10
DA:10,19
DA:13,16
DA:15,16
DA:16,1
DA:17,2
DA:19,16
DA:21,16
DA:22,0
DA:23,0
DA:24,0
DA:25,0
DA:26,0
DA:29,16
DA:32,23
DA:34,21
DA:94,0
DA:105,1
LF:18
LH:12
BRDA:22,0,0,0
BRDA:22,0,1,0
BRDA:37,1,0,10
BRDA:37,1,1,11
BRDA:66,2,0,10
BRDA:66,2,1,11
BRDA:90,3,0,0
BRDA:90,3,1,21
BRDA:116,4,0,21
BRDA:116,4,1,11
BRF:10
BRH:7
end_of_record
TN:
SF:src/components/FinishButton.js
FN:7,(anonymous_0)
FN:18,(anonymous_1)
FN:19,(anonymous_2)
FNF:3
FNH:3
FNDA:24,(anonymous_0)
FNDA:49,(anonymous_1)
FNDA:1,(anonymous_2)
DA:7,9
DA:16,24
DA:17,24
DA:18,49
DA:19,24
DA:20,1
DA:32,1
DA:34,24
DA:51,9
LF:9
LH:9
BRF:0
BRH:0
end_of_record
TN:
SF:src/components/FoodDetails.js
FN:13,(anonymous_0)
FN:17,(anonymous_1)
FN:19,(anonymous_2)
FN:22,(anonymous_3)
FN:25,(anonymous_4)
FNF:5
FNH:5
FNDA:13,(anonymous_0)
FNDA:42,(anonymous_1)
FNDA:316,(anonymous_2)
FNDA:316,(anonymous_3)
FNDA:9,(anonymous_4)
DA:13,9
DA:14,13
DA:15,13
DA:16,13
DA:17,42
DA:18,13
DA:19,316
DA:21,13
DA:22,316
DA:25,13
DA:26,9
DA:28,13
LF:12
LH:12
BRDA:18,0,0,6
BRDA:18,0,1,7
BRDA:19,1,0,316
BRDA:19,1,1,120
BRDA:21,2,0,6
BRDA:21,2,1,7
BRDA:30,3,0,13
BRDA:30,3,1,6
BRDA:39,4,0,6
BRDA:39,4,1,7
BRF:10
BRH:10
end_of_record
TN:
SF:src/components/FoodInProgress.js
FN:11,(anonymous_0)
FN:15,(anonymous_1)
FN:17,(anonymous_2)
FN:20,(anonymous_3)
FN:22,(anonymous_4)
FNF:5
FNH:5
FNDA:5,(anonymous_0)
FNDA:27,(anonymous_1)
FNDA:106,(anonymous_2)
FNDA:106,(anonymous_3)
FNDA:3,(anonymous_4)
DA:11,9
DA:12,5
DA:13,4
DA:14,4
DA:15,27
DA:16,4
DA:17,106
DA:19,4
DA:20,106
DA:22,4
DA:23,3
DA:25,4
LF:12
LH:12
BRDA:16,0,0,2
BRDA:16,0,1,2
BRDA:17,1,0,106
BRDA:17,1,1,40
BRDA:19,2,0,2
BRDA:19,2,1,2
BRF:6
BRH:6
end_of_record
TN:
SF:src/components/Foods.js
FN:13,(anonymous_0)
FN:17,(anonymous_1)
FN:18,(anonymous_2)
FN:19,(anonymous_3)
FN:21,(anonymous_4)
FN:39,(anonymous_5)
FNF:6
FNH:6
FNDA:79,(anonymous_0)
FNDA:132,(anonymous_1)
FNDA:132,(anonymous_2)
FNDA:132,(anonymous_3)
FNDA:33,(anonymous_4)
FNDA:395,(anonymous_5)
DA:13,9
DA:14,79
DA:15,71
DA:16,71
DA:17,132
DA:18,132
DA:19,132
DA:21,71
DA:22,33
DA:25,71
DA:40,395
DA:57,9
LF:12
LH:12
BRDA:29,0,0,71
BRDA:29,0,1,17
BRDA:33,1,0,71
BRDA:33,1,1,71
BRDA:36,2,0,1
BRDA:36,2,1,70
BRDA:36,3,0,71
BRDA:36,3,1,2
BRF:8
BRH:8
end_of_record
TN:
SF:src/components/Footer.js
FN:8,(anonymous_0)
FNF:1
FNH:1
FNDA:81,(anonymous_0)
DA:8,9
DA:9,81
LF:2
LH:2
BRF:0
BRH:0
end_of_record
TN:
SF:src/components/Header.js
FN:11,(anonymous_0)
FN:15,(anonymous_1)
FN:34,(anonymous_2)
FNF:3
FNH:3
FNDA:91,(anonymous_0)
FNDA:9,(anonymous_1)
FNDA:1,(anonymous_2)
DA:11,10
DA:12,91
DA:13,91
DA:15,91
DA:16,9
DA:19,91
DA:34,1
DA:53,10
LF:8
LH:8
BRDA:39,0,0,91
BRDA:39,0,1,72
BRF:2
BRH:2
end_of_record
TN:
SF:src/components/Ingredients.js
FN:9,(anonymous_0)
FN:20,(anonymous_1)
FN:24,(anonymous_2)
FN:32,(anonymous_3)
FN:36,(anonymous_4)
FN:51,(anonymous_5)
FN:59,(anonymous_6)
FN:68,(anonymous_7)
FN:70,(anonymous_8)
FNF:9
FNH:9
FNDA:54,(anonymous_0)
FNDA:54,(anonymous_1)
FNDA:15,(anonymous_2)
FNDA:103,(anonymous_3)
FNDA:13,(anonymous_4)
FNDA:348,(anonymous_5)
FNDA:1170,(anonymous_6)
FNDA:15,(anonymous_7)
FNDA:1170,(anonymous_8)
DA:9,9
DA:10,54
DA:11,54
DA:12,54
DA:17,54
DA:18,54
DA:19,54
DA:20,54
DA:21,54
DA:24,54
DA:25,15
DA:26,1
DA:32,103
DA:33,1
DA:36,13
DA:39,13
DA:46,54
DA:53,348
DA:59,1170
DA:70,1170
DA:96,9
LF:21
LH:21
BRDA:18,0,0,10
BRDA:18,0,1,44
BRDA:25,1,0,1
BRDA:25,1,1,14
BRDA:32,2,0,1
BRDA:32,2,1,13
BRDA:53,3,0,234
BRDA:53,3,1,114
BRDA:59,4,0,136
BRDA:59,4,1,98
BRF:10
BRH:10
end_of_record
TN:
SF:src/components/Instructions.js
FN:5,(anonymous_0)
FN:6,(anonymous_1)
FN:7,(anonymous_2)
FN:9,(anonymous_3)
FN:18,(anonymous_4)
FNF:5
FNH:5
FNDA:23,(anonymous_0)
FNDA:89,(anonymous_1)
FNDA:89,(anonymous_2)
FNDA:6,(anonymous_3)
FNDA:17,(anonymous_4)
DA:5,9
DA:6,89
DA:7,89
DA:9,23
DA:10,6
DA:18,23
DA:19,17
DA:27,23
DA:36,9
LF:9
LH:9
BRDA:14,0,0,6
BRDA:14,0,1,2
BRDA:23,1,0,17
BRDA:23,1,1,8
BRDA:30,2,0,6
BRDA:30,2,1,17
BRF:6
BRH:6
end_of_record
TN:
SF:src/components/LoginForm.js
FN:6,(anonymous_0)
FN:15,(anonymous_1)
FN:40,(anonymous_2)
FN:48,(anonymous_3)
FNF:4
FNH:4
FNDA:850,(anonymous_0)
FNDA:32,(anonymous_1)
FNDA:510,(anonymous_2)
FNDA:270,(anonymous_3)
DA:6,9
DA:7,850
DA:8,850
DA:9,850
DA:10,850
DA:11,850
DA:12,850
DA:13,850
DA:15,850
DA:16,32
DA:17,32
DA:18,32
DA:19,32
DA:20,32
DA:22,850
DA:40,510
DA:48,270
LF:17
LH:17
BRDA:61,0,0,850
BRDA:61,0,1,363
BRF:2
BRH:2
end_of_record
TN:
SF:src/components/ProfileInfo.js
FN:5,(anonymous_0)
FN:13,(anonymous_1)
FNF:2
FNH:2
FNDA:18,(anonymous_0)
FNDA:2,(anonymous_1)
DA:5,9
DA:6,18
DA:7,18
DA:8,18
DA:9,18
DA:10,18
DA:11,18
DA:13,18
DA:14,2
DA:15,2
DA:16,2
DA:17,2
DA:18,2
DA:19,2
DA:22,18
LF:15
LH:15
BRF:0
BRH:0
end_of_record
TN:
SF:src/components/RecipeCard.js
FN:5,(anonymous_0)
FNF:1
FNH:1
FNDA:395,(anonymous_0)
DA:5,9
DA:6,395
DA:29,9
LF:3
LH:3
BRDA:6,0,0,0
BRDA:6,0,1,395
BRF:2
BRH:1
end_of_record
TN:
SF:src/components/Recommended.js
FN:6,(anonymous_0)
FNF:1
FNH:1
FNDA:18,(anonymous_0)
DA:6,9
DA:7,18
DA:12,9
LF:3
LH:3
BRDA:8,0,0,5
BRDA:8,0,1,13
BRF:2
BRH:2
end_of_record
TN:
SF:src/components/RecommendedDrinks.js
FN:7,(anonymous_0)
FN:9,(anonymous_1)
FN:12,(anonymous_2)
FN:18,(anonymous_3)
FNF:4
FNH:4
FNDA:16,(anonymous_0)
FNDA:45,(anonymous_1)
FNDA:9,(anonymous_2)
FNDA:36,(anonymous_3)
DA:7,9
DA:8,16
DA:9,45
DA:10,16
DA:12,16
DA:13,9
DA:16,16
DA:19,36
LF:8
LH:8
BRDA:22,0,0,12
BRDA:22,0,1,24
BRF:2
BRH:2
end_of_record
TN:
SF:src/components/RecommendedMeals.js
FN:6,(anonymous_0)
FN:8,(anonymous_1)
FN:11,(anonymous_2)
FN:17,(anonymous_3)
FNF:4
FNH:4
FNDA:7,(anonymous_0)
FNDA:19,(anonymous_1)
FNDA:3,(anonymous_2)
FNDA:12,(anonymous_3)
DA:6,9
DA:7,7
DA:8,19
DA:9,7
DA:11,7
DA:12,3
DA:15,7
DA:18,12
LF:8
LH:8
BRDA:21,0,0,4
BRDA:21,0,1,8
BRF:2
BRH:2
end_of_record
TN:
SF:src/components/SearchBar.js
FN:12,(anonymous_0)
FN:30,(anonymous_1)
FN:48,(anonymous_2)
FN:57,(anonymous_3)
FN:67,(anonymous_4)
FN:77,(anonymous_5)
FNF:6
FNH:6
FNDA:65,(anonymous_0)
FNDA:8,(anonymous_1)
FNDA:40,(anonymous_2)
FNDA:3,(anonymous_3)
FNDA:3,(anonymous_4)
FNDA:2,(anonymous_5)
DA:12,9
DA:13,65
DA:14,65
DA:15,65
DA:16,65
DA:17,65
DA:30,65
DA:31,8
DA:32,8
DA:33,8
DA:34,8
DA:36,8
DA:37,0
DA:41,65
DA:48,40
DA:57,3
DA:67,3
DA:77,2
LF:18
LH:17
BRDA:33,0,0,8
BRDA:33,0,1,0
BRDA:36,1,0,0
BRDA:36,1,1,8
BRF:4
BRH:2
end_of_record
TN:
SF:src/components/SelectionFilter.js
FN:16,(anonymous_0)
FN:18,(anonymous_1)
FN:19,(anonymous_2)
FN:23,(anonymous_3)
FN:24,(anonymous_4)
FN:34,(anonymous_5)
FN:35,(anonymous_6)
FN:37,(anonymous_7)
FN:45,(anonymous_8)
FN:73,(anonymous_9)
FN:90,(anonymous_10)
FNF:11
FNH:9
FNDA:91,(anonymous_0)
FNDA:152,(anonymous_1)
FNDA:152,(anonymous_2)
FNDA:34,(anonymous_3)
FNDA:34,(anonymous_4)
FNDA:0,(anonymous_5)
FNDA:756,(anonymous_6)
FNDA:1,(anonymous_7)
FNDA:3,(anonymous_8)
FNDA:0,(anonymous_9)
FNDA:270,(anonymous_10)
DA:14,9
DA:16,9
DA:17,91
DA:18,152
DA:19,152
DA:20,91
DA:21,91
DA:23,91
DA:24,34
DA:25,34
DA:26,0
DA:28,34
DA:31,34
DA:34,91
DA:35,756
DA:37,91
DA:38,1
DA:39,1
DA:40,0
DA:42,1
DA:45,91
DA:46,3
DA:47,3
DA:48,3
DA:49,1
DA:53,2
DA:58,91
DA:75,0
DA:91,270
LF:29
LH:26
BRDA:25,0,0,0
BRDA:25,0,1,34
BRDA:39,1,0,0
BRDA:39,1,1,1
BRDA:48,2,0,1
BRDA:48,2,1,2
BRDA:49,3,0,0
BRDA:49,3,1,1
BRDA:53,4,0,0
BRDA:53,4,1,2
BRDA:72,5,0,1
BRDA:72,5,1,90
BRF:12
BRH:8
end_of_record
TN:
SF:src/components/StartButton.js
FN:6,(anonymous_0)
FN:15,(anonymous_1)
FN:16,(anonymous_2)
FN:18,(anonymous_3)
FN:20,(anonymous_4)
FN:33,(anonymous_5)
FNF:6
FNH:6
FNDA:30,(anonymous_0)
FNDA:28,(anonymous_1)
FNDA:4,(anonymous_2)
FNDA:30,(anonymous_3)
FNDA:6,(anonymous_4)
FNDA:2,(anonymous_5)
DA:6,9
DA:7,30
DA:8,30
DA:9,30
DA:13,30
DA:15,30
DA:16,4
DA:18,30
DA:19,30
DA:20,6
DA:22,24
DA:24,30
DA:33,2
DA:49,9
LF:14
LH:14
BRDA:13,0,0,8
BRDA:13,0,1,22
BRDA:19,1,0,6
BRDA:19,1,1,24
BRDA:19,2,0,30
BRDA:19,2,1,8
BRDA:27,3,0,30
BRDA:27,3,1,28
BRDA:36,4,0,2
BRDA:36,4,1,26
BRF:10
BRH:10
end_of_record
TN:
SF:src/components/Video.js
FN:4,(anonymous_0)
FNF:1
FNH:1
FNDA:13,(anonymous_0)
DA:4,9
DA:5,13
DA:20,9
LF:3
LH:3
BRF:0
BRH:0
end_of_record
TN:
SF:src/pages/DoneRecipes.js
FN:7,(anonymous_0)
FNF:1
FNH:1
FNDA:4,(anonymous_0)
DA:7,9
DA:8,4
DA:17,9
LF:3
LH:3
BRF:0
BRH:0
end_of_record
TN:
SF:src/pages/FavoriteRecipes.js
FN:7,(anonymous_0)
FNF:1
FNH:1
FNDA:6,(anonymous_0)
DA:7,10
DA:8,6
DA:18,10
LF:3
LH:3
BRF:0
BRH:0
end_of_record
TN:
SF:src/pages/Login.js
FN:4,(anonymous_0)
FNF:1
FNH:1
FNDA:43,(anonymous_0)
DA:4,9
DA:5,43
LF:2
LH:2
BRF:0
BRH:0
end_of_record
TN:
SF:src/pages/Profile.js
FN:7,(anonymous_0)
FNF:1
FNH:1
FNDA:9,(anonymous_0)
DA:7,9
DA:8,9
DA:15,9
LF:3
LH:3
BRF:0
BRH:0
end_of_record
TN:
SF:src/pages/RecipeDetails.js
FN:6,(anonymous_0)
FNF:1
FNH:1
FNDA:12,(anonymous_0)
DA:6,9
DA:7,12
LF:2
LH:2
BRF:0
BRH:0
end_of_record
TN:
SF:src/pages/RecipeInProgress.js
FN:6,(anonymous_0)
FNF:1
FNH:1
FNDA:5,(anonymous_0)
DA:6,9
DA:7,5
LF:2
LH:2
BRF:0
BRH:0
end_of_record
TN:
SF:src/pages/Recipes.js
FN:6,(anonymous_0)
FNF:1
FNH:1
FNDA:42,(anonymous_0)
DA:6,9
DA:7,42
LF:2
LH:2
BRF:0
BRH:0
end_of_record
TN:
SF:src/redux/actions/index.js
FN:13,(anonymous_0)
FN:29,(anonymous_1)
FN:30,(anonymous_2)
FN:32,(anonymous_3)
FN:33,(anonymous_4)
FN:37,(anonymous_5)
FN:37,(anonymous_6)
FN:46,(anonymous_7)
FN:46,(anonymous_8)
FN:55,(anonymous_9)
FN:55,(anonymous_10)
FN:64,(anonymous_11)
FN:64,(anonymous_12)
FN:70,(anonymous_13)
FN:70,(anonymous_14)
FN:75,(anonymous_15)
FN:75,(anonymous_16)
FN:86,(anonymous_17)
FN:86,(anonymous_18)
FN:99,(anonymous_19)
FN:99,(anonymous_20)
FN:108,(anonymous_21)
FN:108,(anonymous_22)
FN:113,(anonymous_23)
FN:113,(anonymous_24)
FN:123,(anonymous_25)
FN:123,(anonymous_26)
FN:128,(anonymous_27)
FN:128,(anonymous_28)
FNF:29
FNH:21
FNDA:4,(anonymous_0)
FNDA:9,(anonymous_1)
FNDA:54,(anonymous_2)
FNDA:6,(anonymous_3)
FNDA:12,(anonymous_4)
FNDA:41,(anonymous_5)
FNDA:41,(anonymous_6)
FNDA:2,(anonymous_7)
FNDA:2,(anonymous_8)
FNDA:3,(anonymous_9)
FNDA:3,(anonymous_10)
FNDA:2,(anonymous_11)
FNDA:2,(anonymous_12)
FNDA:34,(anonymous_13)
FNDA:34,(anonymous_14)
FNDA:12,(anonymous_15)
FNDA:12,(anonymous_16)
FNDA:10,(anonymous_17)
FNDA:10,(anonymous_18)
FNDA:0,(anonymous_19)
FNDA:0,(anonymous_20)
FNDA:0,(anonymous_21)
FNDA:0,(anonymous_22)
FNDA:0,(anonymous_23)
FNDA:0,(anonymous_24)
FNDA:0,(anonymous_25)
FNDA:0,(anonymous_26)
FNDA:4,(anonymous_27)
FNDA:4,(anonymous_28)
DA:13,10
DA:14,4
DA:16,10
DA:18,10
DA:19,10
DA:20,10
DA:21,10
DA:22,10
DA:23,10
DA:24,10
DA:25,10
DA:26,10
DA:27,10
DA:29,10
DA:30,10
DA:31,54
DA:32,10
DA:33,12
DA:37,41
DA:38,41
DA:39,26
DA:40,25
DA:42,1
DA:46,10
DA:47,2
DA:48,2
DA:49,0
DA:51,2
DA:55,10
DA:56,3
DA:57,3
DA:58,2
DA:60,1
DA:64,10
DA:65,2
DA:67,2
DA:70,34
DA:71,34
DA:72,19
DA:75,12
DA:76,12
DA:77,12
DA:78,5
DA:80,1
DA:86,10
DA:87,10
DA:88,10
DA:89,4
DA:90,4
DA:92,0
DA:95,1
DA:99,10
DA:100,0
DA:101,0
DA:102,0
DA:104,0
DA:108,10
DA:109,0
DA:110,0
DA:113,10
DA:114,0
DA:115,0
DA:117,0
DA:119,0
DA:123,10
DA:124,0
DA:125,0
DA:128,10
DA:129,4
DA:130,2
LF:70
LH:56
BRDA:39,0,0,25
BRDA:39,0,1,1
BRDA:89,1,0,4
BRDA:89,1,1,0
BRF:4
BRH:3
end_of_record
TN:
SF:src/redux/reducers/index.js
FNF:0
FNH:0
DA:4,10
LF:1
LH:1
BRF:0
BRH:0
end_of_record
TN:
SF:src/redux/reducers/reducer.js
FN:26,(anonymous_0)
FNF:1
FNH:1
FNDA:205,(anonymous_0)
DA:13,10
DA:26,10
DA:27,205
DA:29,29
DA:34,19
DA:39,5
DA:44,4
DA:49,0
DA:54,2
DA:59,9
DA:64,54
DA:69,6
DA:71,12
DA:73,65
LF:14
LH:13
BRDA:26,0,0,65
BRDA:27,1,0,29
BRDA:27,1,1,19
BRDA:27,1,2,5
BRDA:27,1,3,4
BRDA:27,1,4,0
BRDA:27,1,5,2
BRDA:27,1,6,9
BRDA:27,1,7,54
BRDA:27,1,8,6
BRDA:27,1,9,12
BRDA:27,1,10,65
BRF:12
BRH:11
end_of_record
TN:
SF:src/redux/store/index.js
FNF:0
FNH:0
DA:6,0
LF:1
LH:0
BRF:0
BRH:0
end_of_record
TN:
SF:src/services/drinksAPI.js
FN:4,(anonymous_0)
FN:12,(anonymous_1)
FN:24,(anonymous_2)
FN:32,(anonymous_3)
FN:41,(anonymous_4)
FN:49,(anonymous_5)
FNF:6
FNH:2
FNDA:10,(anonymous_0)
FNDA:0,(anonymous_1)
FNDA:0,(anonymous_2)
FNDA:0,(anonymous_3)
FNDA:0,(anonymous_4)
FNDA:4,(anonymous_5)
DA:4,10
DA:5,10
DA:6,5
DA:12,10
DA:14,0
DA:15,0
DA:17,0
DA:18,0
DA:24,10
DA:25,0
DA:26,0
DA:32,10
DA:33,0
DA:34,0
DA:35,0
DA:41,10
DA:42,0
DA:43,0
DA:49,10
DA:50,4
DA:51,2
LF:21
LH:10
BRDA:14,0,0,0
BRDA:14,0,1,0
BRF:2
BRH:0
end_of_record
TN:
SF:src/services/foodsAPI.js
FN:4,(anonymous_0)
FN:12,(anonymous_1)
FN:24,(anonymous_2)
FN:32,(anonymous_3)
FN:40,(anonymous_4)
FN:48,(anonymous_5)
FNF:6
FNH:6
FNDA:41,(anonymous_0)
FNDA:2,(anonymous_1)
FNDA:3,(anonymous_2)
FNDA:2,(anonymous_3)
FNDA:34,(anonymous_4)
FNDA:12,(anonymous_5)
DA:4,10
DA:5,41
DA:6,26
DA:12,10
DA:17,2
DA:18,2
DA:24,10
DA:25,3
DA:26,3
DA:32,10
DA:33,2
DA:34,2
DA:40,10
DA:41,34
DA:42,19
DA:48,10
DA:49,12
DA:50,7
LF:18
LH:18
BRDA:4,0,0,33
BRF:1
BRH:1
end_of_record
